<?xml version="1.0" encoding="UTF-8" ?>
<testsuite errors="34" failures="60" hostname="XHNGC1-HOT5" name="dataanalyzer.DataanalyzerSuite" tests="94" time="4.171" timestamp="2009-06-09T23:30:51">
  <properties>
[...]
</properties>
  <testcase classname="dataanalyzer.gui.IAlgorithmPanelTest" name="testCollectInput" time="0.265">
    <failure message="The test case is a prototype." type="junit.framework.AssertionFailedError">junit.framework.AssertionFailedError: The test case is a prototype.
	at dataanalyzer.gui.IAlgorithmPanelTest.testCollectInput(IAlgorithmPanelTest.java:50)
</failure>
  </testcase>
  <testcase classname="dataanalyzer.gui.IAlgorithmPanelTest" name="testSetSystem" time="0.0">
    <failure message="The test case is a prototype." type="junit.framework.AssertionFailedError">junit.framework.AssertionFailedError: The test case is a prototype.
	at dataanalyzer.gui.IAlgorithmPanelTest.testSetSystem(IAlgorithmPanelTest.java:63)
</failure>
  </testcase>
  <testcase classname="dataanalyzer.entity.DataDoubleTest" name="testGet" time="0.031">
    <failure message="The test case is a prototype." type="junit.framework.AssertionFailedError">junit.framework.AssertionFailedError: The test case is a prototype.
	at dataanalyzer.entity.DataDoubleTest.testGet(DataDoubleTest.java:51)
</failure>
  </testcase>
  <testcase classname="dataanalyzer.entity.DataDoubleTest" name="testSet" time="0.0">
    <failure message="The test case is a prototype." type="junit.framework.AssertionFailedError">junit.framework.AssertionFailedError: The test case is a prototype.
	at dataanalyzer.entity.DataDoubleTest.testSet(DataDoubleTest.java:64)
</failure>
  </testcase>
  <testcase classname="dataanalyzer.entity.DataDoubleTest" name="testToString" time="0.0">
    <error type="java.lang.NullPointerException">java.lang.NullPointerException
	at dataanalyzer.entity.DataDouble.toString(DataDouble.java:39)
	at dataanalyzer.entity.DataDoubleTest.testToString(DataDoubleTest.java:75)
</error>
  </testcase>
  <testcase classname="dataanalyzer.entity.DataDoubleTest" name="testGetByte" time="0.016">
    <error message="Cannot convert double to byte with out losing data." type="dataanalyzer.exception.InvalidDataTypeException">dataanalyzer.exception.InvalidDataTypeException: Cannot convert double to byte with out losing data.
	at dataanalyzer.entity.DataDouble.getByte(DataDouble.java:43)
	at dataanalyzer.entity.DataDoubleTest.testGetByte(DataDoubleTest.java:89)
</error>
  </testcase>
  <testcase classname="dataanalyzer.entity.DataDoubleTest" name="testGetDouble" time="0.0">
    <failure message="The test case is a prototype." type="junit.framework.AssertionFailedError">junit.framework.AssertionFailedError: The test case is a prototype.
	at dataanalyzer.entity.DataDoubleTest.testGetDouble(DataDoubleTest.java:106)
</failure>
  </testcase>
  <testcase classname="dataanalyzer.entity.DataDoubleTest" name="testGetFloat" time="0.015">
    <error message="Cannot convert float to byte with out losing data." type="dataanalyzer.exception.InvalidDataTypeException">dataanalyzer.exception.InvalidDataTypeException: Cannot convert float to byte with out losing data.
	at dataanalyzer.entity.DataDouble.getFloat(DataDouble.java:51)
	at dataanalyzer.entity.DataDoubleTest.testGetFloat(DataDoubleTest.java:117)
</error>
  </testcase>
  <testcase classname="dataanalyzer.entity.DataDoubleTest" name="testGetInteger" time="0.0">
    <error message="Cannot convert double to integer with out losing data." type="dataanalyzer.exception.InvalidDataTypeException">dataanalyzer.exception.InvalidDataTypeException: Cannot convert double to integer with out losing data.
	at dataanalyzer.entity.DataDouble.getInteger(DataDouble.java:55)
	at dataanalyzer.entity.DataDoubleTest.testGetInteger(DataDoubleTest.java:131)
</error>
  </testcase>
  <testcase classname="dataanalyzer.entity.DataDoubleTest" name="testGetLong" time="0.0">
    <error message="Cannot convert double to long with out losing data." type="dataanalyzer.exception.InvalidDataTypeException">dataanalyzer.exception.InvalidDataTypeException: Cannot convert double to long with out losing data.
	at dataanalyzer.entity.DataDouble.getLong(DataDouble.java:59)
	at dataanalyzer.entity.DataDoubleTest.testGetLong(DataDoubleTest.java:145)
</error>
  </testcase>
  <testcase classname="dataanalyzer.entity.DataDoubleTest" name="testIsByte" time="0.0">
    <failure message="The test case is a prototype." type="junit.framework.AssertionFailedError">junit.framework.AssertionFailedError: The test case is a prototype.
	at dataanalyzer.entity.DataDoubleTest.testIsByte(DataDoubleTest.java:162)
</failure>
  </testcase>
  <testcase classname="dataanalyzer.entity.DataDoubleTest" name="testIsDouble" time="0.0">
    <failure message="expected:&lt;false&gt; but was:&lt;true&gt;" type="junit.framework.AssertionFailedError">junit.framework.AssertionFailedError: expected:&lt;false&gt; but was:&lt;true&gt;
	at dataanalyzer.entity.DataDoubleTest.testIsDouble(DataDoubleTest.java:174)
</failure>
  </testcase>
  <testcase classname="dataanalyzer.entity.DataDoubleTest" name="testIsFloat" time="0.0">
    <failure message="The test case is a prototype." type="junit.framework.AssertionFailedError">junit.framework.AssertionFailedError: The test case is a prototype.
	at dataanalyzer.entity.DataDoubleTest.testIsFloat(DataDoubleTest.java:190)
</failure>
  </testcase>
  <testcase classname="dataanalyzer.entity.DataDoubleTest" name="testIsInteger" time="0.016">
    <failure message="The test case is a prototype." type="junit.framework.AssertionFailedError">junit.framework.AssertionFailedError: The test case is a prototype.
	at dataanalyzer.entity.DataDoubleTest.testIsInteger(DataDoubleTest.java:204)
</failure>
  </testcase>
  <testcase classname="dataanalyzer.entity.DataDoubleTest" name="testIsLong" time="0.015">
    <failure message="The test case is a prototype." type="junit.framework.AssertionFailedError">junit.framework.AssertionFailedError: The test case is a prototype.
	at dataanalyzer.entity.DataDoubleTest.testIsLong(DataDoubleTest.java:218)
</failure>
  </testcase>
  <testcase classname="dataanalyzer.entity.SequenceDataTest" name="testToString" time="0.016">
    <error message="expected:&lt;[]&gt; but was:&lt;[SequenceData[]]&gt;" type="org.junit.ComparisonFailure">	at dataanalyzer.entity.SequenceDataTest.testToString(SequenceDataTest.java:177)
</error>
  </testcase>
  <testcase classname="dataanalyzer.entity.SequenceDataTest" name="testAddMulti" time="0.0">
    <error type="java.lang.NullPointerException">java.lang.NullPointerException
	at java.util.ArrayList.addAll(ArrayList.java:472)
	at dataanalyzer.entity.SequenceData.addMulti(SequenceData.java:19)
	at dataanalyzer.entity.SequenceDataTest.testAddMulti(SequenceDataTest.java:50)
</error>
  </testcase>
  <testcase classname="dataanalyzer.entity.SequenceDataTest" name="testAddSingle" time="0.0">
    <failure message="The test case is a prototype." type="junit.framework.AssertionFailedError">junit.framework.AssertionFailedError: The test case is a prototype.
	at dataanalyzer.entity.SequenceDataTest.testAddSingle(SequenceDataTest.java:65)
</failure>
  </testcase>
  <testcase classname="dataanalyzer.entity.SequenceDataTest" name="testGetAll" time="0.0">
    <failure message="expected:&lt;null&gt; but was:&lt;[]&gt;" type="junit.framework.AssertionFailedError">junit.framework.AssertionFailedError: expected:&lt;null&gt; but was:&lt;[]&gt;
	at dataanalyzer.entity.SequenceDataTest.testGetAll(SequenceDataTest.java:77)
</failure>
  </testcase>
  <testcase classname="dataanalyzer.entity.SequenceDataTest" name="testGetIterator" time="0.0">
    <failure message="expected:&lt;null&gt; but was:&lt;java.util.AbstractList$Itr@750159&gt;" type="junit.framework.AssertionFailedError">junit.framework.AssertionFailedError: expected:&lt;null&gt; but was:&lt;java.util.AbstractList$Itr@750159&gt;
	at dataanalyzer.entity.SequenceDataTest.testGetIterator(SequenceDataTest.java:91)
</failure>
  </testcase>
  <testcase classname="dataanalyzer.entity.SequenceDataTest" name="testGetMulti" time="0.0">
    <failure message="expected:&lt;null&gt; but was:&lt;[]&gt;" type="junit.framework.AssertionFailedError">junit.framework.AssertionFailedError: expected:&lt;null&gt; but was:&lt;[]&gt;
	at dataanalyzer.entity.SequenceDataTest.testGetMulti(SequenceDataTest.java:107)
</failure>
  </testcase>
  <testcase classname="dataanalyzer.entity.SequenceDataTest" name="testGetSingle" time="0.0">
    <error message="Index: 0, Size: 0" type="java.lang.IndexOutOfBoundsException">java.lang.IndexOutOfBoundsException: Index: 0, Size: 0
	at java.util.ArrayList.RangeCheck(ArrayList.java:547)
	at java.util.ArrayList.get(ArrayList.java:322)
	at dataanalyzer.entity.SequenceData.getSingle(SequenceData.java:48)
	at dataanalyzer.entity.SequenceDataTest.testGetSingle(SequenceDataTest.java:121)
</error>
  </testcase>
  <testcase classname="dataanalyzer.entity.SequenceDataTest" name="testRemove" time="0.0">
    <error message="Index: 0, Size: 0" type="java.lang.IndexOutOfBoundsException">java.lang.IndexOutOfBoundsException: Index: 0, Size: 0
	at java.util.ArrayList.RangeCheck(ArrayList.java:547)
	at java.util.ArrayList.remove(ArrayList.java:387)
	at dataanalyzer.entity.SequenceData.remove(SequenceData.java:52)
	at dataanalyzer.entity.SequenceDataTest.testRemove(SequenceDataTest.java:135)
</error>
  </testcase>
  <testcase classname="dataanalyzer.entity.SequenceDataTest" name="testSize" time="0.0">
    <failure message="The test case is a prototype." type="junit.framework.AssertionFailedError">junit.framework.AssertionFailedError: The test case is a prototype.
	at dataanalyzer.entity.SequenceDataTest.testSize(SequenceDataTest.java:151)
</failure>
  </testcase>
  <testcase classname="dataanalyzer.entity.SequenceDataTest" name="testGetInformation" time="0.0">
    <error message="expected:&lt;[]&gt; but was:&lt;[SequenceData
Size: 0]&gt;" type="org.junit.ComparisonFailure">Size: 0]&gt;
	at dataanalyzer.entity.SequenceDataTest.testGetInformation(SequenceDataTest.java:163)
</error>
  </testcase>
  <testcase classname="dataanalyzer.entity.DataIntTest" name="testGet" time="0.015">
    <failure message="The test case is a prototype." type="junit.framework.AssertionFailedError">junit.framework.AssertionFailedError: The test case is a prototype.
	at dataanalyzer.entity.DataIntTest.testGet(DataIntTest.java:51)
</failure>
  </testcase>
  <testcase classname="dataanalyzer.entity.DataIntTest" name="testSet" time="0.0">
    <failure message="The test case is a prototype." type="junit.framework.AssertionFailedError">junit.framework.AssertionFailedError: The test case is a prototype.
	at dataanalyzer.entity.DataIntTest.testSet(DataIntTest.java:64)
</failure>
  </testcase>
  <testcase classname="dataanalyzer.entity.DataIntTest" name="testToString" time="0.015">
    <error type="java.lang.NullPointerException">java.lang.NullPointerException
	at dataanalyzer.entity.DataInt.toString(DataInt.java:50)
	at dataanalyzer.entity.DataIntTest.testToString(DataIntTest.java:75)
</error>
  </testcase>
  <testcase classname="dataanalyzer.entity.DataIntTest" name="testGetByte" time="0.0">
    <error message="Cannot convert integer to byte with out losing data." type="dataanalyzer.exception.InvalidDataTypeException">dataanalyzer.exception.InvalidDataTypeException: Cannot convert integer to byte with out losing data.
	at dataanalyzer.entity.DataInt.getByte(DataInt.java:53)
	at dataanalyzer.entity.DataIntTest.testGetByte(DataIntTest.java:89)
</error>
  </testcase>
  <testcase classname="dataanalyzer.entity.DataIntTest" name="testGetDouble" time="0.015">
    <error type="java.lang.NullPointerException">java.lang.NullPointerException
	at dataanalyzer.entity.DataInt.getDouble(DataInt.java:57)
	at dataanalyzer.entity.DataIntTest.testGetDouble(DataIntTest.java:103)
</error>
  </testcase>
  <testcase classname="dataanalyzer.entity.DataIntTest" name="testGetFloat" time="0.015">
    <error type="java.lang.NullPointerException">java.lang.NullPointerException
	at dataanalyzer.entity.DataInt.getFloat(DataInt.java:61)
	at dataanalyzer.entity.DataIntTest.testGetFloat(DataIntTest.java:117)
</error>
  </testcase>
  <testcase classname="dataanalyzer.entity.DataIntTest" name="testGetInteger" time="0.0">
    <error type="java.lang.NullPointerException">java.lang.NullPointerException
	at dataanalyzer.entity.DataInt.getInteger(DataInt.java:65)
	at dataanalyzer.entity.DataIntTest.testGetInteger(DataIntTest.java:131)
</error>
  </testcase>
  <testcase classname="dataanalyzer.entity.DataIntTest" name="testGetLong" time="0.0">
    <error type="java.lang.NullPointerException">java.lang.NullPointerException
	at dataanalyzer.entity.DataInt.getLong(DataInt.java:69)
	at dataanalyzer.entity.DataIntTest.testGetLong(DataIntTest.java:145)
</error>
  </testcase>
  <testcase classname="dataanalyzer.entity.DataIntTest" name="testIsByte" time="0.0">
    <failure message="The test case is a prototype." type="junit.framework.AssertionFailedError">junit.framework.AssertionFailedError: The test case is a prototype.
	at dataanalyzer.entity.DataIntTest.testIsByte(DataIntTest.java:162)
</failure>
  </testcase>
  <testcase classname="dataanalyzer.entity.DataIntTest" name="testIsDouble" time="0.0">
    <failure message="expected:&lt;false&gt; but was:&lt;true&gt;" type="junit.framework.AssertionFailedError">junit.framework.AssertionFailedError: expected:&lt;false&gt; but was:&lt;true&gt;
	at dataanalyzer.entity.DataIntTest.testIsDouble(DataIntTest.java:174)
</failure>
  </testcase>
  <testcase classname="dataanalyzer.entity.DataIntTest" name="testIsFloat" time="0.0">
    <failure message="expected:&lt;false&gt; but was:&lt;true&gt;" type="junit.framework.AssertionFailedError">junit.framework.AssertionFailedError: expected:&lt;false&gt; but was:&lt;true&gt;
	at dataanalyzer.entity.DataIntTest.testIsFloat(DataIntTest.java:188)
</failure>
  </testcase>
  <testcase classname="dataanalyzer.entity.DataIntTest" name="testIsInteger" time="0.0">
    <failure message="expected:&lt;false&gt; but was:&lt;true&gt;" type="junit.framework.AssertionFailedError">junit.framework.AssertionFailedError: expected:&lt;false&gt; but was:&lt;true&gt;
	at dataanalyzer.entity.DataIntTest.testIsInteger(DataIntTest.java:202)
</failure>
  </testcase>
  <testcase classname="dataanalyzer.entity.DataIntTest" name="testIsLong" time="0.0">
    <failure message="expected:&lt;false&gt; but was:&lt;true&gt;" type="junit.framework.AssertionFailedError">junit.framework.AssertionFailedError: expected:&lt;false&gt; but was:&lt;true&gt;
	at dataanalyzer.entity.DataIntTest.testIsLong(DataIntTest.java:216)
</failure>
  </testcase>
  <testcase classname="dataanalyzer.entity.DataByteTest" name="testGet" time="0.016">
    <failure message="The test case is a prototype." type="junit.framework.AssertionFailedError">junit.framework.AssertionFailedError: The test case is a prototype.
	at dataanalyzer.entity.DataByteTest.testGet(DataByteTest.java:51)
</failure>
  </testcase>
  <testcase classname="dataanalyzer.entity.DataByteTest" name="testSet" time="0.0">
    <failure message="The test case is a prototype." type="junit.framework.AssertionFailedError">junit.framework.AssertionFailedError: The test case is a prototype.
	at dataanalyzer.entity.DataByteTest.testSet(DataByteTest.java:64)
</failure>
  </testcase>
  <testcase classname="dataanalyzer.entity.DataByteTest" name="testToString" time="0.0">
    <error type="java.lang.NullPointerException">java.lang.NullPointerException
	at dataanalyzer.entity.DataByte.toString(DataByte.java:39)
	at dataanalyzer.entity.DataByteTest.testToString(DataByteTest.java:75)
</error>
  </testcase>
  <testcase classname="dataanalyzer.entity.DataByteTest" name="testGetByte" time="0.0">
    <failure message="The test case is a prototype." type="junit.framework.AssertionFailedError">junit.framework.AssertionFailedError: The test case is a prototype.
	at dataanalyzer.entity.DataByteTest.testGetByte(DataByteTest.java:92)
</failure>
  </testcase>
  <testcase classname="dataanalyzer.entity.DataByteTest" name="testGetDouble" time="0.0">
    <error type="java.lang.NullPointerException">java.lang.NullPointerException
	at dataanalyzer.entity.DataByte.getDouble(DataByte.java:47)
	at dataanalyzer.entity.DataByteTest.testGetDouble(DataByteTest.java:103)
</error>
  </testcase>
  <testcase classname="dataanalyzer.entity.DataByteTest" name="testGetFloat" time="0.0">
    <error type="java.lang.NullPointerException">java.lang.NullPointerException
	at dataanalyzer.entity.DataByte.getFloat(DataByte.java:51)
	at dataanalyzer.entity.DataByteTest.testGetFloat(DataByteTest.java:117)
</error>
  </testcase>
  <testcase classname="dataanalyzer.entity.DataByteTest" name="testGetInteger" time="0.0">
    <error type="java.lang.NullPointerException">java.lang.NullPointerException
	at dataanalyzer.entity.DataByte.getInteger(DataByte.java:55)
	at dataanalyzer.entity.DataByteTest.testGetInteger(DataByteTest.java:131)
</error>
  </testcase>
  <testcase classname="dataanalyzer.entity.DataByteTest" name="testGetLong" time="0.0">
    <error type="java.lang.NullPointerException">java.lang.NullPointerException
	at dataanalyzer.entity.DataByte.getLong(DataByte.java:59)
	at dataanalyzer.entity.DataByteTest.testGetLong(DataByteTest.java:145)
</error>
  </testcase>
  <testcase classname="dataanalyzer.entity.DataByteTest" name="testIsByte" time="0.0">
    <failure message="expected:&lt;false&gt; but was:&lt;true&gt;" type="junit.framework.AssertionFailedError">junit.framework.AssertionFailedError: expected:&lt;false&gt; but was:&lt;true&gt;
	at dataanalyzer.entity.DataByteTest.testIsByte(DataByteTest.java:160)
</failure>
  </testcase>
  <testcase classname="dataanalyzer.entity.DataByteTest" name="testIsDouble" time="0.016">
    <failure message="expected:&lt;false&gt; but was:&lt;true&gt;" type="junit.framework.AssertionFailedError">junit.framework.AssertionFailedError: expected:&lt;false&gt; but was:&lt;true&gt;
	at dataanalyzer.entity.DataByteTest.testIsDouble(DataByteTest.java:174)
</failure>
  </testcase>
  <testcase classname="dataanalyzer.entity.DataByteTest" name="testIsFloat" time="0.0">
    <failure message="expected:&lt;false&gt; but was:&lt;true&gt;" type="junit.framework.AssertionFailedError">junit.framework.AssertionFailedError: expected:&lt;false&gt; but was:&lt;true&gt;
	at dataanalyzer.entity.DataByteTest.testIsFloat(DataByteTest.java:188)
</failure>
  </testcase>
  <testcase classname="dataanalyzer.entity.DataByteTest" name="testIsInteger" time="0.0">
    <failure message="expected:&lt;false&gt; but was:&lt;true&gt;" type="junit.framework.AssertionFailedError">junit.framework.AssertionFailedError: expected:&lt;false&gt; but was:&lt;true&gt;
	at dataanalyzer.entity.DataByteTest.testIsInteger(DataByteTest.java:202)
</failure>
  </testcase>
  <testcase classname="dataanalyzer.entity.DataByteTest" name="testIsLong" time="0.0">
    <failure message="expected:&lt;false&gt; but was:&lt;true&gt;" type="junit.framework.AssertionFailedError">junit.framework.AssertionFailedError: expected:&lt;false&gt; but was:&lt;true&gt;
	at dataanalyzer.entity.DataByteTest.testIsLong(DataByteTest.java:216)
</failure>
  </testcase>
  <testcase classname="dataanalyzer.entity.AlgorithmTest" name="testCollectInput" time="0.0">
    <failure message="The test case is a prototype." type="junit.framework.AssertionFailedError">junit.framework.AssertionFailedError: The test case is a prototype.
	at dataanalyzer.entity.AlgorithmTest.testCollectInput(AlgorithmTest.java:105)
</failure>
  </testcase>
  <testcase classname="dataanalyzer.entity.AlgorithmTest" name="testToString" time="0.0">
    <failure message="The test case is a prototype." type="junit.framework.AssertionFailedError">junit.framework.AssertionFailedError: The test case is a prototype.
	at dataanalyzer.entity.AlgorithmTest.testToString(AlgorithmTest.java:119)
</failure>
  </testcase>
  <testcase classname="dataanalyzer.entity.AlgorithmTest" name="testCreateProcess" time="0.0">
    <failure message="The test case is a prototype." type="junit.framework.AssertionFailedError">junit.framework.AssertionFailedError: The test case is a prototype.
	at dataanalyzer.entity.AlgorithmTest.testCreateProcess(AlgorithmTest.java:52)
</failure>
  </testcase>
  <testcase classname="dataanalyzer.entity.AlgorithmTest" name="testGetName" time="0.0">
    <failure message="The test case is a prototype." type="junit.framework.AssertionFailedError">junit.framework.AssertionFailedError: The test case is a prototype.
	at dataanalyzer.entity.AlgorithmTest.testGetName(AlgorithmTest.java:66)
</failure>
  </testcase>
  <testcase classname="dataanalyzer.entity.AlgorithmTest" name="testDispose" time="0.0">
    <failure message="The test case is a prototype." type="junit.framework.AssertionFailedError">junit.framework.AssertionFailedError: The test case is a prototype.
	at dataanalyzer.entity.AlgorithmTest.testDispose(AlgorithmTest.java:78)
</failure>
  </testcase>
  <testcase classname="dataanalyzer.entity.AlgorithmTest" name="testGetGUI" time="0.0">
    <failure message="The test case is a prototype." type="junit.framework.AssertionFailedError">junit.framework.AssertionFailedError: The test case is a prototype.
	at dataanalyzer.entity.AlgorithmTest.testGetGUI(AlgorithmTest.java:92)
</failure>
  </testcase>
  <testcase classname="dataanalyzer.entity.OutputTest" name="testToString" time="0.0">
    <error type="java.lang.NullPointerException">java.lang.NullPointerException
	at dataanalyzer.entity.OutputTest.testToString(OutputTest.java:48)
</error>
  </testcase>
  <testcase classname="dataanalyzer.entity.OutputTest" name="testGetInformation" time="0.0">
    <error type="java.lang.NullPointerException">java.lang.NullPointerException
	at dataanalyzer.entity.OutputTest.testGetInformation(OutputTest.java:62)
</error>
  </testcase>
  <testcase classname="dataanalyzer.entity.OutputTest" name="testGetOwner" time="0.0">
    <error type="java.lang.NullPointerException">java.lang.NullPointerException
	at dataanalyzer.entity.OutputTest.testGetOwner(OutputTest.java:76)
</error>
  </testcase>
  <testcase classname="dataanalyzer.entity.OutputTest" name="testSetOwner" time="0.0">
    <error type="java.lang.NullPointerException">java.lang.NullPointerException
	at dataanalyzer.entity.OutputTest.testSetOwner(OutputTest.java:90)
</error>
  </testcase>
  <testcase classname="dataanalyzer.entity.OutputTest" name="testGetOutput" time="0.016">
    <error type="java.lang.NullPointerException">java.lang.NullPointerException
	at dataanalyzer.entity.OutputTest.testGetOutput(OutputTest.java:103)
</error>
  </testcase>
  <testcase classname="dataanalyzer.entity.OutputTest" name="testSetOutput" time="0.0">
    <error type="java.lang.NullPointerException">java.lang.NullPointerException
	at dataanalyzer.entity.OutputTest.testSetOutput(OutputTest.java:117)
</error>
  </testcase>
  <testcase classname="dataanalyzer.entity.AlgorithmProcessTest" name="testSetSystem" time="0.016">
    <failure message="The test case is a prototype." type="junit.framework.AssertionFailedError">junit.framework.AssertionFailedError: The test case is a prototype.
	at dataanalyzer.entity.AlgorithmProcessTest.testSetSystem(AlgorithmProcessTest.java:252)
</failure>
  </testcase>
  <testcase classname="dataanalyzer.entity.AlgorithmProcessTest" name="testToString" time="0.0">
    <error message="expected:&lt;[]&gt; but was:&lt;[Process]&gt;" type="org.junit.ComparisonFailure">	at dataanalyzer.entity.AlgorithmProcessTest.testToString(AlgorithmProcessTest.java:106)
</error>
  </testcase>
  <testcase classname="dataanalyzer.entity.AlgorithmProcessTest" name="testGetOutput" time="0.0">
    <failure message="expected:&lt;null&gt; but was:&lt;Output[Process]&gt;" type="junit.framework.AssertionFailedError">junit.framework.AssertionFailedError: expected:&lt;null&gt; but was:&lt;Output[Process]&gt;
	at dataanalyzer.entity.AlgorithmProcessTest.testGetOutput(AlgorithmProcessTest.java:92)
</failure>
  </testcase>
  <testcase classname="dataanalyzer.entity.AlgorithmProcessTest" name="testRun" time="0.0">
    <failure message="The test case is a prototype." type="junit.framework.AssertionFailedError">junit.framework.AssertionFailedError: The test case is a prototype.
	at dataanalyzer.entity.AlgorithmProcessTest.testRun(AlgorithmProcessTest.java:54)
</failure>
  </testcase>
  <testcase classname="dataanalyzer.entity.AlgorithmProcessTest" name="testStop" time="0.0">
    <failure message="The test case is a prototype." type="junit.framework.AssertionFailedError">junit.framework.AssertionFailedError: The test case is a prototype.
	at dataanalyzer.entity.AlgorithmProcessTest.testStop(AlgorithmProcessTest.java:66)
</failure>
  </testcase>
  <testcase classname="dataanalyzer.entity.AlgorithmProcessTest" name="testCycle" time="0.016">
    <failure message="The test case is a prototype." type="junit.framework.AssertionFailedError">junit.framework.AssertionFailedError: The test case is a prototype.
	at dataanalyzer.entity.AlgorithmProcessTest.testCycle(AlgorithmProcessTest.java:80)
</failure>
  </testcase>
  <testcase classname="dataanalyzer.entity.AlgorithmProcessTest" name="testCreateListeners" time="0.015">
    <failure message="The test case is a prototype." type="junit.framework.AssertionFailedError">junit.framework.AssertionFailedError: The test case is a prototype.
	at dataanalyzer.entity.AlgorithmProcessTest.testCreateListeners(AlgorithmProcessTest.java:120)
</failure>
  </testcase>
  <testcase classname="dataanalyzer.entity.AlgorithmProcessTest" name="testSendOutput_Object" time="0.0">
    <failure message="The test case is a prototype." type="junit.framework.AssertionFailedError">junit.framework.AssertionFailedError: The test case is a prototype.
	at dataanalyzer.entity.AlgorithmProcessTest.testSendOutput_Object(AlgorithmProcessTest.java:133)
</failure>
  </testcase>
  <testcase classname="dataanalyzer.entity.AlgorithmProcessTest" name="testSendOutput_Object_String" time="0.0">
    <failure message="The test case is a prototype." type="junit.framework.AssertionFailedError">junit.framework.AssertionFailedError: The test case is a prototype.
	at dataanalyzer.entity.AlgorithmProcessTest.testSendOutput_Object_String(AlgorithmProcessTest.java:147)
</failure>
  </testcase>
  <testcase classname="dataanalyzer.entity.AlgorithmProcessTest" name="testSendProcess" time="0.0">
    <failure message="The test case is a prototype." type="junit.framework.AssertionFailedError">junit.framework.AssertionFailedError: The test case is a prototype.
	at dataanalyzer.entity.AlgorithmProcessTest.testSendProcess(AlgorithmProcessTest.java:160)
</failure>
  </testcase>
  <testcase classname="dataanalyzer.entity.AlgorithmProcessTest" name="testProgressUpdate" time="0.0">
    <failure message="The test case is a prototype." type="junit.framework.AssertionFailedError">junit.framework.AssertionFailedError: The test case is a prototype.
	at dataanalyzer.entity.AlgorithmProcessTest.testProgressUpdate(AlgorithmProcessTest.java:174)
</failure>
  </testcase>
  <testcase classname="dataanalyzer.entity.AlgorithmProcessTest" name="testAddCompletionListener" time="0.0">
    <failure message="The test case is a prototype." type="junit.framework.AssertionFailedError">junit.framework.AssertionFailedError: The test case is a prototype.
	at dataanalyzer.entity.AlgorithmProcessTest.testAddCompletionListener(AlgorithmProcessTest.java:187)
</failure>
  </testcase>
  <testcase classname="dataanalyzer.entity.AlgorithmProcessTest" name="testAddProgressListener" time="0.0">
    <failure message="The test case is a prototype." type="junit.framework.AssertionFailedError">junit.framework.AssertionFailedError: The test case is a prototype.
	at dataanalyzer.entity.AlgorithmProcessTest.testAddProgressListener(AlgorithmProcessTest.java:200)
</failure>
  </testcase>
  <testcase classname="dataanalyzer.entity.AlgorithmProcessTest" name="testAddAlgorithmProcessListener" time="0.0">
    <failure message="The test case is a prototype." type="junit.framework.AssertionFailedError">junit.framework.AssertionFailedError: The test case is a prototype.
	at dataanalyzer.entity.AlgorithmProcessTest.testAddAlgorithmProcessListener(AlgorithmProcessTest.java:213)
</failure>
  </testcase>
  <testcase classname="dataanalyzer.entity.AlgorithmProcessTest" name="testAddOutputListener" time="0.0">
    <failure message="The test case is a prototype." type="junit.framework.AssertionFailedError">junit.framework.AssertionFailedError: The test case is a prototype.
	at dataanalyzer.entity.AlgorithmProcessTest.testAddOutputListener(AlgorithmProcessTest.java:226)
</failure>
  </testcase>
  <testcase classname="dataanalyzer.entity.AlgorithmProcessTest" name="testSetOutputName" time="0.015">
    <failure message="The test case is a prototype." type="junit.framework.AssertionFailedError">junit.framework.AssertionFailedError: The test case is a prototype.
	at dataanalyzer.entity.AlgorithmProcessTest.testSetOutputName(AlgorithmProcessTest.java:239)
</failure>
  </testcase>
  <testcase classname="dataanalyzer.entity.AlgorithmProcessTest" name="testGetId" time="0.0">
    <failure message="expected:&lt;0&gt; but was:&lt;-1&gt;" type="junit.framework.AssertionFailedError">junit.framework.AssertionFailedError: expected:&lt;0&gt; but was:&lt;-1&gt;
	at dataanalyzer.entity.AlgorithmProcessTest.testGetId(AlgorithmProcessTest.java:264)
</failure>
  </testcase>
  <testcase classname="dataanalyzer.entity.AlgorithmProcessTest" name="testSetId" time="0.016">
    <failure message="The test case is a prototype." type="junit.framework.AssertionFailedError">junit.framework.AssertionFailedError: The test case is a prototype.
	at dataanalyzer.entity.AlgorithmProcessTest.testSetId(AlgorithmProcessTest.java:279)
</failure>
  </testcase>
  <testcase classname="dataanalyzer.entity.DataLongTest" name="testGet" time="0.015">
    <failure message="The test case is a prototype." type="junit.framework.AssertionFailedError">junit.framework.AssertionFailedError: The test case is a prototype.
	at dataanalyzer.entity.DataLongTest.testGet(DataLongTest.java:51)
</failure>
  </testcase>
  <testcase classname="dataanalyzer.entity.DataLongTest" name="testSet" time="0.0">
    <failure message="The test case is a prototype." type="junit.framework.AssertionFailedError">junit.framework.AssertionFailedError: The test case is a prototype.
	at dataanalyzer.entity.DataLongTest.testSet(DataLongTest.java:64)
</failure>
  </testcase>
  <testcase classname="dataanalyzer.entity.DataLongTest" name="testToString" time="0.0">
    <error type="java.lang.NullPointerException">java.lang.NullPointerException
	at dataanalyzer.entity.DataLong.toString(DataLong.java:39)
	at dataanalyzer.entity.DataLongTest.testToString(DataLongTest.java:75)
</error>
  </testcase>
  <testcase classname="dataanalyzer.entity.DataLongTest" name="testGetByte" time="0.015">
    <error message="Cannot convert integer to byte with out losing data." type="dataanalyzer.exception.InvalidDataTypeException">dataanalyzer.exception.InvalidDataTypeException: Cannot convert integer to byte with out losing data.
	at dataanalyzer.entity.DataLong.getByte(DataLong.java:43)
	at dataanalyzer.entity.DataLongTest.testGetByte(DataLongTest.java:89)
</error>
  </testcase>
  <testcase classname="dataanalyzer.entity.DataLongTest" name="testGetDouble" time="0.0">
    <error type="java.lang.NullPointerException">java.lang.NullPointerException
	at dataanalyzer.entity.DataLong.getDouble(DataLong.java:47)
	at dataanalyzer.entity.DataLongTest.testGetDouble(DataLongTest.java:103)
</error>
  </testcase>
  <testcase classname="dataanalyzer.entity.DataLongTest" name="testGetFloat" time="0.0">
    <error type="java.lang.NullPointerException">java.lang.NullPointerException
	at dataanalyzer.entity.DataLong.getFloat(DataLong.java:51)
	at dataanalyzer.entity.DataLongTest.testGetFloat(DataLongTest.java:117)
</error>
  </testcase>
  <testcase classname="dataanalyzer.entity.DataLongTest" name="testGetInteger" time="0.0">
    <error message="Cannot convert integer to byte with out losing data." type="dataanalyzer.exception.InvalidDataTypeException">dataanalyzer.exception.InvalidDataTypeException: Cannot convert integer to byte with out losing data.
	at dataanalyzer.entity.DataLong.getInteger(DataLong.java:55)
	at dataanalyzer.entity.DataLongTest.testGetInteger(DataLongTest.java:131)
</error>
  </testcase>
  <testcase classname="dataanalyzer.entity.DataLongTest" name="testGetLong" time="0.0">
    <error type="java.lang.NullPointerException">java.lang.NullPointerException
	at dataanalyzer.entity.DataLong.getLong(DataLong.java:59)
	at dataanalyzer.entity.DataLongTest.testGetLong(DataLongTest.java:145)
</error>
  </testcase>
  <testcase classname="dataanalyzer.entity.DataLongTest" name="testIsByte" time="0.0">
    <failure message="The test case is a prototype." type="junit.framework.AssertionFailedError">junit.framework.AssertionFailedError: The test case is a prototype.
	at dataanalyzer.entity.DataLongTest.testIsByte(DataLongTest.java:162)
</failure>
  </testcase>
  <testcase classname="dataanalyzer.entity.DataLongTest" name="testIsDouble" time="0.0">
    <failure message="expected:&lt;false&gt; but was:&lt;true&gt;" type="junit.framework.AssertionFailedError">junit.framework.AssertionFailedError: expected:&lt;false&gt; but was:&lt;true&gt;
	at dataanalyzer.entity.DataLongTest.testIsDouble(DataLongTest.java:174)
</failure>
  </testcase>
  <testcase classname="dataanalyzer.entity.DataLongTest" name="testIsFloat" time="0.0">
    <failure message="expected:&lt;false&gt; but was:&lt;true&gt;" type="junit.framework.AssertionFailedError">junit.framework.AssertionFailedError: expected:&lt;false&gt; but was:&lt;true&gt;
	at dataanalyzer.entity.DataLongTest.testIsFloat(DataLongTest.java:188)
</failure>
  </testcase>
  <testcase classname="dataanalyzer.entity.DataLongTest" name="testIsInteger" time="0.0">
    <failure message="The test case is a prototype." type="junit.framework.AssertionFailedError">junit.framework.AssertionFailedError: The test case is a prototype.
	at dataanalyzer.entity.DataLongTest.testIsInteger(DataLongTest.java:204)
</failure>
  </testcase>
  <testcase classname="dataanalyzer.entity.DataLongTest" name="testIsLong" time="0.015">
    <failure message="expected:&lt;false&gt; but was:&lt;true&gt;" type="junit.framework.AssertionFailedError">junit.framework.AssertionFailedError: expected:&lt;false&gt; but was:&lt;true&gt;
	at dataanalyzer.entity.DataLongTest.testIsLong(DataLongTest.java:216)
</failure>
  </testcase>
  <system-out><![CDATA[collectInput
setSystem
get
set
toString
getByte
getDouble
getFloat
getInteger
getLong
isByte
isDouble
isFloat
isInteger
isLong
toString
addMulti
addSingle
getAll
getIterator
getMulti
getSingle
remove
size
getInformation
get
set
toString
getByte
getDouble
getFloat
getInteger
getLong
isByte
isDouble
isFloat
isInteger
isLong
get
set
toString
getByte
getDouble
getFloat
getInteger
getLong
isByte
isDouble
isFloat
isInteger
isLong
collectInput
toString
createProcess
getName
dispose
getGUI
toString
getInformation
getOwner
setOwner
getOutput
setOutput
setSystem
toString
getOutput
run
stop
cycle
createListeners
sendOutput
sendOutput
sendProcess
progressUpdate
addCompletionListener
addProgressListener
addAlgorithmProcessListener
addOutputListener
setOutputName
getId
setId
get
set
toString
getByte
getDouble
getFloat
getInteger
getLong
isByte
isDouble
isFloat
isInteger
isLong
]]></system-out>
  <system-err><![CDATA[]]></system-err>
</testsuite>
