<?xml version="1.0" encoding="UTF-8" ?>
<testsuite errors="34" failures="60" hostname="XHNGC1-HOT5" name="dataanalyzer.DataanalyzerSuite" tests="94" time="4.171" timestamp="2009-06-09T23:30:51">
  <properties>
    <property name="default.javac.source" value="1.6" />
    <property name="file.encoding.pkg" value="sun.io" />
    <property name="libs.toplink.maven-pom" value="" />
    <property name="javac.source" value="1.5" />
    <property name="netbeans.system_http_proxy" value="proxy.ds1.prod:8080" />
    <property name="java.home" value="C:\Program Files\Java\jdk1.6.0_07\jre" />
    <property name="test.src.dir" value="test" />
    <property name="libs.jaxws21.src" value="" />
    <property name="javadoc.version" value="false" />
    <property name="libs.CopyLibs.classpath" value="C:\NetBeans 6.7 RC2\java2\ant\extra\org-netbeans-modules-java-j2seproject-copylibstask.jar" />
    <property name="libs.javac-api.src" value="" />
    <property name="java.endorsed.dirs" value="C:\Program Files\Java\jdk1.6.0_07\jre\lib\endorsed" />
    <property name="libs.MySQLDriver.classpath" value="C:\NetBeans 6.7 RC2\ide11\modules\ext\mysql-connector-java-5.1.6-bin.jar" />
    <property name="libs.jaxb.javadoc" value="" />
    <property name="libs.junit.maven-pom" value="" />
    <property name="libs.PostgreSQLDriver.src" value="" />
    <property name="src.dir" value="src" />
    <property name="sun.java2d.noddraw" value="true" />
    <property name="nbplatform.default.harness.dir" value="C:\NetBeans 6.7 RC2/harness" />
    <property name="debug-args-line" value="-Xdebug" />
    <property name="netbeans.hash.code" value="unique=NB_JAVA053fec97d-fc5f-4cd6-8069-7c775ee6bbb7_848ae2f1-3996-4fa4-a3f1-90ef3336b77a" />
    <property name="build.sysclasspath" value="ignore" />
    <property name="have.sources" value="true" />
    <property name="includes" value="**" />
    <property name="source.encoding" value="UTF-8" />
    <property name="libs.jaxws21.classpath" value="C:\NetBeans 6.7 RC2\ide11\modules\ext\jaxb\activation.jar;C:\NetBeans 6.7 RC2\ide11\modules\ext\jaxb\api\jaxb-api.jar;C:\NetBeans 6.7 RC2\ide11\modules\ext\jaxb\jaxb-impl.jar;C:\NetBeans 6.7 RC2\ide11\modules\ext\jaxb\jaxb-xjc.jar;C:\NetBeans 6.7 RC2\ide11\modules\ext\jaxb\api\jsr173_api.jar;C:\NetBeans 6.7 RC2\java2\modules\ext\jaxws21\FastInfoset.jar;C:\NetBeans 6.7 RC2\java2\modules\ext\jaxws21\http.jar;C:\NetBeans 6.7 RC2\java2\modules\ext\jaxws21\api\jaxws-api.jar;C:\NetBeans 6.7 RC2\java2\modules\ext\jaxws21\jaxws-rt.jar;C:\NetBeans 6.7 RC2\java2\modules\ext\jaxws21\jaxws-tools.jar;C:\NetBeans 6.7 RC2\java2\modules\ext\jaxws21\api\jsr181-api.jar;C:\NetBeans 6.7 RC2\java2\modules\ext\jaxws21\api\jsr250-api.jar;C:\NetBeans 6.7 RC2\java2\modules\ext\jaxws21\mimepull.jar;C:\NetBeans 6.7 RC2\java2\modules\ext\jaxws21\api\saaj-api.jar;C:\NetBeans 6.7 RC2\java2\modules\ext\jaxws21\saaj-impl.jar;C:\NetBeans 6.7 RC2\java2\modules\ext\jaxws21\sjsxp.jar;C:\NetBeans 6.7 RC2\java2\modules\ext\jaxws21\stax-ex.jar;C:\NetBeans 6.7 RC2\java2\modules\ext\jaxws21\streambuffer.jar" />
    <property name="libs.swing-app-framework.javadoc" value="C:\NetBeans 6.7 RC2\java2\docs\appframework-1.0.3-doc.zip" />
    <property name="sun.os.patch.level" value="Service Pack 1" />
    <property name="java.vendor.url" value="http://java.sun.com/" />
    <property name="java.version" value="1.6.0_07" />
    <property name="nb.show.statistics.ui" value="usageStatisticsEnabled" />
    <property name="javac.debug" value="true" />
    <property name="org.openide.major.version" value="IDE/1" />
    <property name="ant.file.DGA_Library" value="E:\Documents\Wintec\2009\ITB7330-0901 Professional Programming Practice\DGA\DGA Library\build.xml" />
    <property name="run.classpath" value=":build/classes" />
    <property name="libs.PostgreSQLDriver.maven-pom" value="" />
    <property name="java.vendor.url.bug" value="http://java.sun.com/cgi-bin/bugreport.cgi" />
    <property name="netbeans.autoupdate.variant" value="" />
    <property name="libs.absolutelayout.javadoc" value="" />
    <property name="libs.junit_4.maven-pom" value="" />
    <property name="netbeans.buildnumber" value="200906042131" />
    <property name="manifest.file" value="manifest.mf" />
    <property name="libs.swing-app-framework.maven-pom" value="" />
    <property name="user.name" value="davnei06" />
    <property name="empty.dir" value="E:\Documents\Wintec\2009\ITB7330-0901 Professional Programming Practice\DGA\DGA Library\build\empty" />
    <property name="sun.io.unicode.encoding" value="UnicodeLittle" />
    <property name="sun.jnu.encoding" value="Cp1252" />
    <property name="ant.file.DGA_Library-impl" value="E:\Documents\Wintec\2009\ITB7330-0901 Professional Programming Practice\DGA\DGA Library\nbproject\build-impl.xml" />
    <property name="java.runtime.name" value="Java(TM) SE Runtime Environment" />
    <property name="application.vendor" value="davnei06" />
    <property name="jdk.home" value="C:\Program Files\Java\jdk1.6.0_07" />
    <property name="sun.awt.keepWorkingSetOnMinimize" value="true" />
    <property name="netbeans.autoupdate.version" value="1.23" />
    <property name="org.openide.TopManager" value="org.netbeans.core.NonGui" />
    <property name="netbeans.dirs" value="C:\NetBeans 6.7 RC2\nb6.7;C:\NetBeans 6.7 RC2\ergonomics1;C:\NetBeans 6.7 RC2\ide11;C:\NetBeans 6.7 RC2\java2;C:\NetBeans 6.7 RC2\xml2;C:\NetBeans 6.7 RC2\apisupport1;C:\NetBeans 6.7 RC2\webcommon1;C:\NetBeans 6.7 RC2\websvccommon1;C:\NetBeans 6.7 RC2\enterprise5;C:\NetBeans 6.7 RC2\mobility8;C:\NetBeans 6.7 RC2\profiler3;C:\NetBeans 6.7 RC2\ruby2;C:\NetBeans 6.7 RC2\python1;C:\NetBeans 6.7 RC2\php1;C:\NetBeans 6.7 RC2\visualweb2;C:\NetBeans 6.7 RC2\soa2;C:\NetBeans 6.7 RC2\identity2;C:\NetBeans 6.7 RC2\uml6;C:\NetBeans 6.7 RC2\harness;C:\NetBeans 6.7 RC2\cnd2;C:\NetBeans 6.7 RC2\dlight1;C:\NetBeans 6.7 RC2\groovy1;C:\NetBeans 6.7 RC2\extra;C:\NetBeans 6.7 RC2\javafx2" />
    <property name="java.specification.name" value="Java Platform API Specification" />
    <property name="javadoc.author" value="false" />
    <property name="libs.hibernate-support.javadoc" value="" />
    <property name="user.timezone" value="" />
    <property name="netbeans.system_http_non_proxy_hosts" value="10.*;&lt;local&gt;" />
    <property name="manifest.available" value="true" />
    <property name="libs.spring-framework.maven-pom" value="" />
    <property name="libs.swing-layout.maven-pom" value="" />
    <property name="libs.junit.javadoc" value="C:\NetBeans 6.7 RC2\java2\docs\junit-3.8.2-api.zip" />
    <property name="org.openide.specification.version" value="6.2" />
    <property name="path.separator" value=";" />
    <property name="version-output" value="java version &quot;1.6" />
    <property name="libs.ejb3-persistence.src" value="" />
    <property name="libs.absolutelayout.classpath" value="C:\NetBeans 6.7 RC2\java2\modules\ext\AbsoluteLayout.jar" />
    <property name="libs.jaxb.maven-pom" value="" />
    <property name="netbeans.accept_license_class" value="org.netbeans.license.AcceptLicense" />
    <property name="file.encoding" value="Cp1252" />
    <property name="dist.javadoc.dir" value="dist/javadoc" />
    <property name="libs.hibernate-persistence.javadoc" value="" />
    <property name="libs.ejb3-persistence.classpath" value="C:\NetBeans 6.7 RC2\java2\modules\ext\hibernate\ejb3-persistence.jar" />
    <property name="https.nonProxyHosts" value="10.*|&lt;local&gt;*|localhost|127.0.0.1|XHNGC1-HOT5" />
    <property name="libs.junit.src" value="" />
    <property name="ant.file" value="E:\Documents\Wintec\2009\ITB7330-0901 Professional Programming Practice\DGA\DGA Library\build.xml" />
    <property name="libs.junit_4.src" value="C:\NetBeans 6.7 RC2\java2\docs\junit-4.5-src.jar" />
    <property name="netbeans.autoupdate.language" value="en" />
    <property name="do.jar" value="true" />
    <property name="java.io.tmpdir" value="C:\Users\davnei06\AppData\Local\Temp\" />
    <property name="build.test.results.dir" value="build/test/results" />
    <property name="user.language" value="en" />
    <property name="line.separator" value="
" />
    <property name="apple.laf.useScreenMenuBar" value="true" />
    <property name="libs.absolutelayout.src" value="" />
    <property name="javac.compilerargs" value="" />
    <property name="libs.hibernate-support.maven-pom" value="" />
    <property name="jar.compress" value="false" />
    <property name="debug-transport-by-os" value="dt_shmem" />
    <property name="libs.JWSAntTasks.src" value="" />
    <property name="javac.compilerargs.jaxws" value="" />
    <property name="libs.hibernate-persistence.maven-pom" value="" />
    <property name="java.vm.info" value="mixed mode, sharing" />
    <property name="libs.javac-api.maven-pom" value="" />
    <property name="javadoc.private" value="false" />
    <property name="sun.desktop" value="windows" />
    <property name="java.vm.specification.name" value="Java Virtual Machine Specification" />
    <property name="build.test.classes.dir" value="build/test/classes" />
    <property name="libs.jaxb.src" value="" />
    <property name="jaxws.endorsed.dir" value="C:\NetBeans 6.7 RC2\java2\modules\ext\jaxws21\api:C:\NetBeans 6.7 RC2\ide11\modules\ext\jaxb\api" />
    <property name="libs.MySQLDriver.javadoc" value="" />
    <property name="netbeans.dynamic.classpath" value="C:\NetBeans 6.7 RC2\platform10\core\core.jar;C:\NetBeans 6.7 RC2\platform10\core\org-openide-filesystems.jar;C:\NetBeans 6.7 RC2\platform10\core\locale\core_ja.jar;C:\NetBeans 6.7 RC2\platform10\core\locale\core_pt_BR.jar;C:\NetBeans 6.7 RC2\platform10\core\locale\core_zh_CN.jar;C:\NetBeans 6.7 RC2\platform10\core\locale\org-openide-filesystems_ja.jar;C:\NetBeans 6.7 RC2\platform10\core\locale\org-openide-filesystems_pt_BR.jar;C:\NetBeans 6.7 RC2\platform10\core\locale\org-openide-filesystems_zh_CN.jar;C:\NetBeans 6.7 RC2\nb6.7\core\org-netbeans-upgrader.jar;C:\NetBeans 6.7 RC2\nb6.7\core\locale\core_nb.jar;C:\NetBeans 6.7 RC2\nb6.7\core\locale\core_nb_ja.jar;C:\NetBeans 6.7 RC2\nb6.7\core\locale\core_nb_pt_BR.jar;C:\NetBeans 6.7 RC2\nb6.7\core\locale\core_nb_zh_CN.jar;C:\NetBeans 6.7 RC2\nb6.7\core\locale\org-netbeans-upgrader_ja.jar;C:\NetBeans 6.7 RC2\nb6.7\core\locale\org-netbeans-upgrader_pt_BR.jar;C:\NetBeans 6.7 RC2\nb6.7\core\locale\org-netbeans-upgrader_zh_CN.jar" />
    <property name="libs.beans-binding.javadoc" value="C:\NetBeans 6.7 RC2\java2\docs\beansbinding-1.2.1-doc.zip" />
    <property name="platform.active" value="default_platform" />
    <property name="javac.includes.binary" value="" />
    <property name="http.nonProxyHosts" value="10.*|&lt;local&gt;*|localhost|127.0.0.1|XHNGC1-HOT5" />
    <property name="libs.junit_4.javadoc" value="C:\NetBeans 6.7 RC2\java2\docs\junit-4.5-api.zip" />
    <property name="javac.includes" value="dataanalyzer/DataanalyzerSuite.java" />
    <property name="libs.spring-framework.src" value="" />
    <property name="netbeans.autoupdate.country" value="NZ" />
    <property name="libs.beans-binding.maven-pom" value="" />
    <property name="javadoc.encoding" value="UTF-8" />
    <property name="java.awt.printerjob" value="sun.awt.windows.WPrinterJob" />
    <property name="dist.jar" value="dist/DGA_Library.jar" />
    <property name="meta.inf.dir" value="src/META-INF" />
    <property name="ant.version" value="Apache Ant version 1.7.1 compiled on June 27 2008" />
    <property name="netbeans.home" value="C:\NetBeans 6.7 RC2\platform10" />
    <property name="javadoc.nonavbar" value="false" />
    <property name="user.properties.file" value="C:\Users\davnei06\.netbeans\6.7rc2\build.properties" />
    <property name="libs.JWSAntTasks.classpath" value="C:\NetBeans 6.7 RC2\java2\ant\extra\org-netbeans-modules-javawebstart-anttasks.jar" />
    <property name="libs.toplink.classpath" value="C:\NetBeans 6.7 RC2\java2\modules\ext\toplink\toplink-essentials.jar;C:\NetBeans 6.7 RC2\java2\modules\ext\toplink\toplink-essentials-agent.jar" />
    <property name="netbeans.importclass" value="org.netbeans.upgrade.AutoUpgrade" />
    <property name="https.proxyPort" value="8080" />
    <property name="libs.spring-framework.javadoc" value="" />
    <property name="libs.CopyLibs.maven-pom" value="" />
    <property name="useJavaUtilZip" value="true" />
    <property name="build.generated.dir" value="build/generated" />
    <property name="netbeans.home+have.tests" value="true" />
    <property name="os.name" value="Windows Vista" />
    <property name="java.specification.vendor" value="Sun Microsystems Inc." />
    <property name="run.test.classpath" value=":build/classes:C:\NetBeans 6.7 RC2\platform10\modules\ext\junit-4.5.jar:build/test/classes" />
    <property name="java.vm.name" value="Java HotSpot(TM) Client VM" />
    <property name="libs.CopyLibs.src" value="" />
    <property name="org.openide.version" value="deprecated" />
    <property name="libs.junit.classpath" value="C:\NetBeans 6.7 RC2\java2\modules\ext\junit-3.8.2.jar" />
    <property name="libs.beans-binding.src" value="" />
    <property name="java.library.path" value="C:\Program Files\Java\jdk1.6.0_07\jre\bin;.;C:\Windows\Sun\Java\bin;C:\Windows\system32;C:\Windows;C:\Windows\system32;C:\Windows;C:\Windows\System32\Wbem;C:\Program Files\Windows Imaging\;C:\Program Files\QuickTime\QTSystem\;C:\Program Files\Softricity\SoftGrid for Windows Desktops" />
    <property name="libs.PostgreSQLDriver.javadoc" value="" />
    <property name="libs.toplink.javadoc" value="" />
    <property name="ant.java.version" value="1.6" />
    <property name="java.class.version" value="50.0" />
    <property name="javadoc.noindex" value="false" />
    <property name="basedir" value="E:\Documents\Wintec\2009\ITB7330-0901 Professional Programming Practice\DGA\DGA Library" />
    <property name="sun.awt.exception.handler" value="org.netbeans.core.startup.TopLogging$AWTHandler" />
    <property name="javac.test.classpath" value=":build/classes:C:\NetBeans 6.7 RC2\platform10\modules\ext\junit-4.5.jar" />
    <property name="ant.home" value="C:\NetBeans 6.7 RC2\java2\ant" />
    <property name="libs.hibernate-persistence.src" value="" />
    <property name="javadoc.splitindex" value="true" />
    <property name="libs.toplink.src" value="" />
    <property name="libs.javac-api.javadoc" value="" />
    <property name="javadoc.preview" value="true" />
    <property name="libs.MySQLDriver.maven-pom" value="" />
    <property name="libs.CopyLibs.javadoc" value="" />
    <property name="libs.PostgreSQLDriver.classpath" value="C:\NetBeans 6.7 RC2\ide11\modules\ext\postgresql-8.3-603.jdbc3.jar" />
    <property name="libs.junit_4.classpath" value="C:\NetBeans 6.7 RC2\platform10\modules\ext\junit-4.5.jar" />
    <property name="libs.jaxws21.maven-pom" value="" />
    <property name="build.dir" value="build" />
    <property name="sun.boot.library.path" value="C:\Program Files\Java\jdk1.6.0_07\jre\bin" />
    <property name="application.title" value="DGA Library" />
    <property name="sun.management.compiler" value="HotSpot Client Compiler" />
    <property name="libs.swing-app-framework.classpath" value="C:\NetBeans 6.7 RC2\java2\modules\ext\appframework-1.0.3.jar;C:\NetBeans 6.7 RC2\java2\modules\ext\swing-worker-1.1.jar" />
    <property name="libs.ejb3-persistence.javadoc" value="" />
    <property name="user.variant" value="" />
    <property name="java.awt.graphicsenv" value="sun.awt.Win32GraphicsEnvironment" />
    <property name="javadoc.encoding.used" value="UTF-8" />
    <property name="javadoc.windowtitle" value="" />
    <property name="http.proxyPort" value="8080" />
    <property name="libs.hibernate-support.src" value="" />
    <property name="https.proxyHost" value="proxy.ds1.prod" />
    <property name="build.generated.sources.dir" value="build/generated-sources" />
    <property name="run.jvmargs" value="" />
    <property name="build.compiler.emacs" value="true" />
    <property name="ant.project.name" value="DGA_Library" />
    <property name="libs.spring-framework.classpath" value="C:\NetBeans 6.7 RC2\ide11\modules\ext\commons-logging-1.1.jar;C:\NetBeans 6.7 RC2\java2\modules\ext\cglib-2.2.jar;C:\NetBeans 6.7 RC2\java2\modules\ext\spring\spring-2.5.jar" />
    <property name="libs.swing-layout.classpath" value="C:\NetBeans 6.7 RC2\platform10\modules\ext\swing-layout-1.0.3.jar" />
    <property name="java.vm.specification.version" value="1.0" />
    <property name="libs.jaxb.classpath" value="C:\NetBeans 6.7 RC2\ide11\modules\ext\jaxb\activation.jar;C:\NetBeans 6.7 RC2\ide11\modules\ext\jaxb\api\jaxb-api.jar;C:\NetBeans 6.7 RC2\ide11\modules\ext\jaxb\jaxb-impl.jar;C:\NetBeans 6.7 RC2\ide11\modules\ext\jaxb\jaxb-xjc.jar;C:\NetBeans 6.7 RC2\ide11\modules\ext\jaxb\api\jsr173_api.jar" />
    <property name="work.dir" value="E:\Documents\Wintec\2009\ITB7330-0901 Professional Programming Practice\DGA\DGA Library" />
    <property name="awt.toolkit" value="sun.awt.windows.WToolkit" />
    <property name="javadoc.use" value="true" />
    <property name="sun.cpu.isalist" value="pentium_pro+mmx pentium_pro pentium+mmx pentium i486 i386 i86" />
    <property name="java.ext.dirs" value="C:\Program Files\Java\jdk1.6.0_07\jre\lib\ext;C:\Windows\Sun\Java\lib\ext" />
    <property name="os.version" value="6.0" />
    <property name="excludes" value="" />
    <property name="user.home" value="C:\Users\davnei06" />
    <property name="org.xml.sax.driver" value="com.sun.org.apache.xerces.internal.jaxp.SAXParserImpl$JAXPSAXParser" />
    <property name="java.vm.vendor" value="Sun Microsystems Inc." />
    <property name="libs.absolutelayout.maven-pom" value="" />
    <property name="org.openide.TopManager.GUI" value="true" />
    <property name="user.dir" value="E:\Documents\Wintec\2009\ITB7330-0901 Professional Programming Practice\DGA\DGA Library" />
    <property name="debug-transport" value="dt_shmem" />
    <property name="libs.ejb3-persistence.maven-pom" value="" />
    <property name="application.args" value="" />
    <property name="sun.cpu.endian" value="little" />
    <property name="compile.on.save" value="false" />
    <property name="libs.hibernate-support.classpath" value="C:\NetBeans 6.7 RC2\java2\modules\ext\hibernate\antlr-2.7.6.jar;C:\NetBeans 6.7 RC2\java2\modules\ext\hibernate\asm.jar;C:\NetBeans 6.7 RC2\java2\modules\ext\hibernate\asm-attrs.jar;C:\NetBeans 6.7 RC2\java2\modules\ext\hibernate\cglib-2.1.3.jar;C:\NetBeans 6.7 RC2\java2\modules\ext\hibernate\commons-collections-2.1.1.jar;C:\NetBeans 6.7 RC2\ide11\modules\ext\commons-logging-1.1.jar;C:\NetBeans 6.7 RC2\java2\modules\ext\hibernate\dom4j-1.6.1.jar;C:\NetBeans 6.7 RC2\java2\modules\ext\hibernate\ehcache-1.2.3.jar;C:\NetBeans 6.7 RC2\java2\modules\ext\hibernate\jdbc2_0-stdext.jar;C:\NetBeans 6.7 RC2\java2\modules\ext\hibernate\jta.jar;C:\NetBeans 6.7 RC2\java2\modules\ext\hibernate\hibernate3.jar;C:\NetBeans 6.7 RC2\java2\modules\ext\hibernate\hibernate-tools.jar;C:\NetBeans 6.7 RC2\java2\modules\ext\hibernate\hibernate-annotations.jar;C:\NetBeans 6.7 RC2\java2\modules\ext\hibernate\hibernate-commons-annotations.jar;C:\NetBeans 6.7 RC2\java2\modules\ext\hibernate\hibernate-entitymanager.jar;C:\NetBeans 6.7 RC2\java2\modules\ext\hibernate\javassist.jar" />
    <property name="libs.MySQLDriver.src" value="" />
    <property name="java.vm.version" value="10.0-b23" />
    <property name="java.class.path" value="E:\Documents\Wintec\2009\ITB7330-0901 Professional Programming Practice\DGA\DGA Library\build\classes;C:\NetBeans 6.7 RC2\platform10\modules\ext\junit-4.5.jar;E:\Documents\Wintec\2009\ITB7330-0901 Professional Programming Practice\DGA\DGA Library\build\test\classes;E:\Documents\Wintec\2009\ITB7330-0901 Professional Programming Practice\DGA\DGA Library;C:\Program Files\Java\j2re1.4.2_08\lib\ext\QTJava.zip;C:\NetBeans 6.7 RC2\java2\ant\lib\ant-launcher.jar;C:\NetBeans 6.7 RC2\java2\ant\lib\ant.jar;C:\NetBeans 6.7 RC2\java2\ant\patches\72080.jar" />
    <property name="libs.hibernate-persistence.classpath" value="C:\NetBeans 6.7 RC2\java2\modules\ext\hibernate\antlr-2.7.6.jar;C:\NetBeans 6.7 RC2\java2\modules\ext\hibernate\asm.jar;C:\NetBeans 6.7 RC2\java2\modules\ext\hibernate\asm-attrs.jar;C:\NetBeans 6.7 RC2\java2\modules\ext\hibernate\cglib-2.1.3.jar;C:\NetBeans 6.7 RC2\java2\modules\ext\hibernate\commons-collections-2.1.1.jar;C:\NetBeans 6.7 RC2\ide11\modules\ext\commons-logging-1.1.jar;C:\NetBeans 6.7 RC2\java2\modules\ext\hibernate\dom4j-1.6.1.jar;C:\NetBeans 6.7 RC2\java2\modules\ext\hibernate\ehcache-1.2.3.jar;C:\NetBeans 6.7 RC2\java2\modules\ext\hibernate\jdbc2_0-stdext.jar;C:\NetBeans 6.7 RC2\java2\modules\ext\hibernate\jta.jar;C:\NetBeans 6.7 RC2\java2\modules\ext\hibernate\hibernate3.jar;C:\NetBeans 6.7 RC2\java2\modules\ext\hibernate\hibernate-tools.jar;C:\NetBeans 6.7 RC2\java2\modules\ext\hibernate\hibernate-annotations.jar;C:\NetBeans 6.7 RC2\java2\modules\ext\hibernate\hibernate-commons-annotations.jar;C:\NetBeans 6.7 RC2\java2\modules\ext\hibernate\hibernate-entitymanager.jar;C:\NetBeans 6.7 RC2\java2\modules\ext\hibernate\javassist.jar;C:\NetBeans 6.7 RC2\java2\modules\ext\hibernate\ejb3-persistence.jar" />
    <property name="os.arch" value="x86" />
    <property name="javac.deprecation" value="false" />
    <property name="http.proxyHost" value="proxy.ds1.prod" />
    <property name="nbplatform.default.netbeans.dest.dir" value="C:\NetBeans 6.7 RC2" />
    <property name="build.classes.excludes" value="**/*.java,**/*.form" />
    <property name="dist.dir" value="dist" />
    <property name="debug.classpath" value=":build/classes" />
    <property name="netbeans.user" value="C:\Users\davnei06\.netbeans\6.7rc2" />
    <property name="sun.java.launcher" value="SUN_STANDARD" />
    <property name="ant.core.lib" value="C:\NetBeans 6.7 RC2\java2\ant\lib\ant.jar" />
    <property name="java.vm.specification.vendor" value="Sun Microsystems Inc." />
    <property name="do.depend" value="false" />
    <property name="file.separator" value="\" />
    <property name="java.runtime.version" value="1.6.0_07-b06" />
    <property name="sun.boot.class.path" value="C:\Program Files\Java\jdk1.6.0_07\jre\lib\resources.jar;C:\Program Files\Java\jdk1.6.0_07\jre\lib\rt.jar;C:\Program Files\Java\jdk1.6.0_07\jre\lib\sunrsasign.jar;C:\Program Files\Java\jdk1.6.0_07\jre\lib\jsse.jar;C:\Program Files\Java\jdk1.6.0_07\jre\lib\jce.jar;C:\Program Files\Java\jdk1.6.0_07\jre\lib\charsets.jar;C:\Program Files\Java\jdk1.6.0_07\jre\classes" />
    <property name="debug.test.classpath" value=":build/classes:C:\NetBeans 6.7 RC2\platform10\modules\ext\junit-4.5.jar:build/test/classes" />
    <property name="libs.beans-binding.classpath" value="C:\NetBeans 6.7 RC2\java2\modules\ext\beansbinding-1.2.1.jar" />
    <property name="have.tests" value="true" />
    <property name="main.class" value="" />
    <property name="test.includes" value="dataanalyzer/DataanalyzerSuite.java" />
    <property name="libs.JWSAntTasks.maven-pom" value="" />
    <property name="java.util.logging.config.class" value="org.netbeans.core.startup.TopLogging" />
    <property name="libs.javac-api.classpath" value="C:\NetBeans 6.7 RC2\java2\modules\ext\javac-api-nb-7.0-b07.jar" />
    <property name="user.country" value="NZ" />
    <property name="javadoc.notree" value="false" />
    <property name="libs.jaxws21.javadoc" value="C:\NetBeans 6.7 RC2\java2\docs\jaxws-2_1-api-doc.zip" />
    <property name="javadoc.additionalparam" value="-overview &quot;E:\Documents\Wintec\2009\ITB7330-0901 Professional Programming Practice\DGA\DGA Library\src\overview.html&quot;" />
    <property name="javac.classpath" value="" />
    <property name="default.javac.target" value="1.6" />
    <property name="build.classes.dir" value="build/classes" />
    <property name="libs.swing-layout.javadoc" value="C:\NetBeans 6.7 RC2\platform10\docs\swing-layout-1.0.3-doc.zip" />
    <property name="libs.swing-layout.src" value="C:\NetBeans 6.7 RC2\platform10\docs\swing-layout-1.0.3-src.zip" />
    <property name="java.vendor" value="Sun Microsystems Inc." />
    <property name="javac.target" value="1.5" />
    <property name="libs.swing-app-framework.src" value="" />
    <property name="java.specification.version" value="1.6" />
    <property name="libs.JWSAntTasks.javadoc" value="" />
    <property name="sun.arch.data.model" value="32" />
  </properties>
  <testcase classname="dataanalyzer.gui.IAlgorithmPanelTest" name="testCollectInput" time="0.265">
    <failure message="The test case is a prototype." type="junit.framework.AssertionFailedError">junit.framework.AssertionFailedError: The test case is a prototype.
	at dataanalyzer.gui.IAlgorithmPanelTest.testCollectInput(IAlgorithmPanelTest.java:50)
</failure>
  </testcase>
  <testcase classname="dataanalyzer.gui.IAlgorithmPanelTest" name="testSetSystem" time="0.0">
    <failure message="The test case is a prototype." type="junit.framework.AssertionFailedError">junit.framework.AssertionFailedError: The test case is a prototype.
	at dataanalyzer.gui.IAlgorithmPanelTest.testSetSystem(IAlgorithmPanelTest.java:63)
</failure>
  </testcase>
  <testcase classname="dataanalyzer.entity.DataDoubleTest" name="testGet" time="0.031">
    <failure message="The test case is a prototype." type="junit.framework.AssertionFailedError">junit.framework.AssertionFailedError: The test case is a prototype.
	at dataanalyzer.entity.DataDoubleTest.testGet(DataDoubleTest.java:51)
</failure>
  </testcase>
  <testcase classname="dataanalyzer.entity.DataDoubleTest" name="testSet" time="0.0">
    <failure message="The test case is a prototype." type="junit.framework.AssertionFailedError">junit.framework.AssertionFailedError: The test case is a prototype.
	at dataanalyzer.entity.DataDoubleTest.testSet(DataDoubleTest.java:64)
</failure>
  </testcase>
  <testcase classname="dataanalyzer.entity.DataDoubleTest" name="testToString" time="0.0">
    <error type="java.lang.NullPointerException">java.lang.NullPointerException
	at dataanalyzer.entity.DataDouble.toString(DataDouble.java:39)
	at dataanalyzer.entity.DataDoubleTest.testToString(DataDoubleTest.java:75)
</error>
  </testcase>
  <testcase classname="dataanalyzer.entity.DataDoubleTest" name="testGetByte" time="0.016">
    <error message="Cannot convert double to byte with out losing data." type="dataanalyzer.exception.InvalidDataTypeException">dataanalyzer.exception.InvalidDataTypeException: Cannot convert double to byte with out losing data.
	at dataanalyzer.entity.DataDouble.getByte(DataDouble.java:43)
	at dataanalyzer.entity.DataDoubleTest.testGetByte(DataDoubleTest.java:89)
</error>
  </testcase>
  <testcase classname="dataanalyzer.entity.DataDoubleTest" name="testGetDouble" time="0.0">
    <failure message="The test case is a prototype." type="junit.framework.AssertionFailedError">junit.framework.AssertionFailedError: The test case is a prototype.
	at dataanalyzer.entity.DataDoubleTest.testGetDouble(DataDoubleTest.java:106)
</failure>
  </testcase>
  <testcase classname="dataanalyzer.entity.DataDoubleTest" name="testGetFloat" time="0.015">
    <error message="Cannot convert float to byte with out losing data." type="dataanalyzer.exception.InvalidDataTypeException">dataanalyzer.exception.InvalidDataTypeException: Cannot convert float to byte with out losing data.
	at dataanalyzer.entity.DataDouble.getFloat(DataDouble.java:51)
	at dataanalyzer.entity.DataDoubleTest.testGetFloat(DataDoubleTest.java:117)
</error>
  </testcase>
  <testcase classname="dataanalyzer.entity.DataDoubleTest" name="testGetInteger" time="0.0">
    <error message="Cannot convert double to integer with out losing data." type="dataanalyzer.exception.InvalidDataTypeException">dataanalyzer.exception.InvalidDataTypeException: Cannot convert double to integer with out losing data.
	at dataanalyzer.entity.DataDouble.getInteger(DataDouble.java:55)
	at dataanalyzer.entity.DataDoubleTest.testGetInteger(DataDoubleTest.java:131)
</error>
  </testcase>
  <testcase classname="dataanalyzer.entity.DataDoubleTest" name="testGetLong" time="0.0">
    <error message="Cannot convert double to long with out losing data." type="dataanalyzer.exception.InvalidDataTypeException">dataanalyzer.exception.InvalidDataTypeException: Cannot convert double to long with out losing data.
	at dataanalyzer.entity.DataDouble.getLong(DataDouble.java:59)
	at dataanalyzer.entity.DataDoubleTest.testGetLong(DataDoubleTest.java:145)
</error>
  </testcase>
  <testcase classname="dataanalyzer.entity.DataDoubleTest" name="testIsByte" time="0.0">
    <failure message="The test case is a prototype." type="junit.framework.AssertionFailedError">junit.framework.AssertionFailedError: The test case is a prototype.
	at dataanalyzer.entity.DataDoubleTest.testIsByte(DataDoubleTest.java:162)
</failure>
  </testcase>
  <testcase classname="dataanalyzer.entity.DataDoubleTest" name="testIsDouble" time="0.0">
    <failure message="expected:&lt;false&gt; but was:&lt;true&gt;" type="junit.framework.AssertionFailedError">junit.framework.AssertionFailedError: expected:&lt;false&gt; but was:&lt;true&gt;
	at dataanalyzer.entity.DataDoubleTest.testIsDouble(DataDoubleTest.java:174)
</failure>
  </testcase>
  <testcase classname="dataanalyzer.entity.DataDoubleTest" name="testIsFloat" time="0.0">
    <failure message="The test case is a prototype." type="junit.framework.AssertionFailedError">junit.framework.AssertionFailedError: The test case is a prototype.
	at dataanalyzer.entity.DataDoubleTest.testIsFloat(DataDoubleTest.java:190)
</failure>
  </testcase>
  <testcase classname="dataanalyzer.entity.DataDoubleTest" name="testIsInteger" time="0.016">
    <failure message="The test case is a prototype." type="junit.framework.AssertionFailedError">junit.framework.AssertionFailedError: The test case is a prototype.
	at dataanalyzer.entity.DataDoubleTest.testIsInteger(DataDoubleTest.java:204)
</failure>
  </testcase>
  <testcase classname="dataanalyzer.entity.DataDoubleTest" name="testIsLong" time="0.015">
    <failure message="The test case is a prototype." type="junit.framework.AssertionFailedError">junit.framework.AssertionFailedError: The test case is a prototype.
	at dataanalyzer.entity.DataDoubleTest.testIsLong(DataDoubleTest.java:218)
</failure>
  </testcase>
  <testcase classname="dataanalyzer.entity.SequenceDataTest" name="testToString" time="0.016">
    <error message="expected:&lt;[]&gt; but was:&lt;[SequenceData[]]&gt;" type="org.junit.ComparisonFailure">	at dataanalyzer.entity.SequenceDataTest.testToString(SequenceDataTest.java:177)
</error>
  </testcase>
  <testcase classname="dataanalyzer.entity.SequenceDataTest" name="testAddMulti" time="0.0">
    <error type="java.lang.NullPointerException">java.lang.NullPointerException
	at java.util.ArrayList.addAll(ArrayList.java:472)
	at dataanalyzer.entity.SequenceData.addMulti(SequenceData.java:19)
	at dataanalyzer.entity.SequenceDataTest.testAddMulti(SequenceDataTest.java:50)
</error>
  </testcase>
  <testcase classname="dataanalyzer.entity.SequenceDataTest" name="testAddSingle" time="0.0">
    <failure message="The test case is a prototype." type="junit.framework.AssertionFailedError">junit.framework.AssertionFailedError: The test case is a prototype.
	at dataanalyzer.entity.SequenceDataTest.testAddSingle(SequenceDataTest.java:65)
</failure>
  </testcase>
  <testcase classname="dataanalyzer.entity.SequenceDataTest" name="testGetAll" time="0.0">
    <failure message="expected:&lt;null&gt; but was:&lt;[]&gt;" type="junit.framework.AssertionFailedError">junit.framework.AssertionFailedError: expected:&lt;null&gt; but was:&lt;[]&gt;
	at dataanalyzer.entity.SequenceDataTest.testGetAll(SequenceDataTest.java:77)
</failure>
  </testcase>
  <testcase classname="dataanalyzer.entity.SequenceDataTest" name="testGetIterator" time="0.0">
    <failure message="expected:&lt;null&gt; but was:&lt;java.util.AbstractList$Itr@750159&gt;" type="junit.framework.AssertionFailedError">junit.framework.AssertionFailedError: expected:&lt;null&gt; but was:&lt;java.util.AbstractList$Itr@750159&gt;
	at dataanalyzer.entity.SequenceDataTest.testGetIterator(SequenceDataTest.java:91)
</failure>
  </testcase>
  <testcase classname="dataanalyzer.entity.SequenceDataTest" name="testGetMulti" time="0.0">
    <failure message="expected:&lt;null&gt; but was:&lt;[]&gt;" type="junit.framework.AssertionFailedError">junit.framework.AssertionFailedError: expected:&lt;null&gt; but was:&lt;[]&gt;
	at dataanalyzer.entity.SequenceDataTest.testGetMulti(SequenceDataTest.java:107)
</failure>
  </testcase>
  <testcase classname="dataanalyzer.entity.SequenceDataTest" name="testGetSingle" time="0.0">
    <error message="Index: 0, Size: 0" type="java.lang.IndexOutOfBoundsException">java.lang.IndexOutOfBoundsException: Index: 0, Size: 0
	at java.util.ArrayList.RangeCheck(ArrayList.java:547)
	at java.util.ArrayList.get(ArrayList.java:322)
	at dataanalyzer.entity.SequenceData.getSingle(SequenceData.java:48)
	at dataanalyzer.entity.SequenceDataTest.testGetSingle(SequenceDataTest.java:121)
</error>
  </testcase>
  <testcase classname="dataanalyzer.entity.SequenceDataTest" name="testRemove" time="0.0">
    <error message="Index: 0, Size: 0" type="java.lang.IndexOutOfBoundsException">java.lang.IndexOutOfBoundsException: Index: 0, Size: 0
	at java.util.ArrayList.RangeCheck(ArrayList.java:547)
	at java.util.ArrayList.remove(ArrayList.java:387)
	at dataanalyzer.entity.SequenceData.remove(SequenceData.java:52)
	at dataanalyzer.entity.SequenceDataTest.testRemove(SequenceDataTest.java:135)
</error>
  </testcase>
  <testcase classname="dataanalyzer.entity.SequenceDataTest" name="testSize" time="0.0">
    <failure message="The test case is a prototype." type="junit.framework.AssertionFailedError">junit.framework.AssertionFailedError: The test case is a prototype.
	at dataanalyzer.entity.SequenceDataTest.testSize(SequenceDataTest.java:151)
</failure>
  </testcase>
  <testcase classname="dataanalyzer.entity.SequenceDataTest" name="testGetInformation" time="0.0">
    <error message="expected:&lt;[]&gt; but was:&lt;[SequenceData
Size: 0]&gt;" type="org.junit.ComparisonFailure">Size: 0]&gt;
	at dataanalyzer.entity.SequenceDataTest.testGetInformation(SequenceDataTest.java:163)
</error>
  </testcase>
  <testcase classname="dataanalyzer.entity.DataIntTest" name="testGet" time="0.015">
    <failure message="The test case is a prototype." type="junit.framework.AssertionFailedError">junit.framework.AssertionFailedError: The test case is a prototype.
	at dataanalyzer.entity.DataIntTest.testGet(DataIntTest.java:51)
</failure>
  </testcase>
  <testcase classname="dataanalyzer.entity.DataIntTest" name="testSet" time="0.0">
    <failure message="The test case is a prototype." type="junit.framework.AssertionFailedError">junit.framework.AssertionFailedError: The test case is a prototype.
	at dataanalyzer.entity.DataIntTest.testSet(DataIntTest.java:64)
</failure>
  </testcase>
  <testcase classname="dataanalyzer.entity.DataIntTest" name="testToString" time="0.015">
    <error type="java.lang.NullPointerException">java.lang.NullPointerException
	at dataanalyzer.entity.DataInt.toString(DataInt.java:50)
	at dataanalyzer.entity.DataIntTest.testToString(DataIntTest.java:75)
</error>
  </testcase>
  <testcase classname="dataanalyzer.entity.DataIntTest" name="testGetByte" time="0.0">
    <error message="Cannot convert integer to byte with out losing data." type="dataanalyzer.exception.InvalidDataTypeException">dataanalyzer.exception.InvalidDataTypeException: Cannot convert integer to byte with out losing data.
	at dataanalyzer.entity.DataInt.getByte(DataInt.java:53)
	at dataanalyzer.entity.DataIntTest.testGetByte(DataIntTest.java:89)
</error>
  </testcase>
  <testcase classname="dataanalyzer.entity.DataIntTest" name="testGetDouble" time="0.015">
    <error type="java.lang.NullPointerException">java.lang.NullPointerException
	at dataanalyzer.entity.DataInt.getDouble(DataInt.java:57)
	at dataanalyzer.entity.DataIntTest.testGetDouble(DataIntTest.java:103)
</error>
  </testcase>
  <testcase classname="dataanalyzer.entity.DataIntTest" name="testGetFloat" time="0.015">
    <error type="java.lang.NullPointerException">java.lang.NullPointerException
	at dataanalyzer.entity.DataInt.getFloat(DataInt.java:61)
	at dataanalyzer.entity.DataIntTest.testGetFloat(DataIntTest.java:117)
</error>
  </testcase>
  <testcase classname="dataanalyzer.entity.DataIntTest" name="testGetInteger" time="0.0">
    <error type="java.lang.NullPointerException">java.lang.NullPointerException
	at dataanalyzer.entity.DataInt.getInteger(DataInt.java:65)
	at dataanalyzer.entity.DataIntTest.testGetInteger(DataIntTest.java:131)
</error>
  </testcase>
  <testcase classname="dataanalyzer.entity.DataIntTest" name="testGetLong" time="0.0">
    <error type="java.lang.NullPointerException">java.lang.NullPointerException
	at dataanalyzer.entity.DataInt.getLong(DataInt.java:69)
	at dataanalyzer.entity.DataIntTest.testGetLong(DataIntTest.java:145)
</error>
  </testcase>
  <testcase classname="dataanalyzer.entity.DataIntTest" name="testIsByte" time="0.0">
    <failure message="The test case is a prototype." type="junit.framework.AssertionFailedError">junit.framework.AssertionFailedError: The test case is a prototype.
	at dataanalyzer.entity.DataIntTest.testIsByte(DataIntTest.java:162)
</failure>
  </testcase>
  <testcase classname="dataanalyzer.entity.DataIntTest" name="testIsDouble" time="0.0">
    <failure message="expected:&lt;false&gt; but was:&lt;true&gt;" type="junit.framework.AssertionFailedError">junit.framework.AssertionFailedError: expected:&lt;false&gt; but was:&lt;true&gt;
	at dataanalyzer.entity.DataIntTest.testIsDouble(DataIntTest.java:174)
</failure>
  </testcase>
  <testcase classname="dataanalyzer.entity.DataIntTest" name="testIsFloat" time="0.0">
    <failure message="expected:&lt;false&gt; but was:&lt;true&gt;" type="junit.framework.AssertionFailedError">junit.framework.AssertionFailedError: expected:&lt;false&gt; but was:&lt;true&gt;
	at dataanalyzer.entity.DataIntTest.testIsFloat(DataIntTest.java:188)
</failure>
  </testcase>
  <testcase classname="dataanalyzer.entity.DataIntTest" name="testIsInteger" time="0.0">
    <failure message="expected:&lt;false&gt; but was:&lt;true&gt;" type="junit.framework.AssertionFailedError">junit.framework.AssertionFailedError: expected:&lt;false&gt; but was:&lt;true&gt;
	at dataanalyzer.entity.DataIntTest.testIsInteger(DataIntTest.java:202)
</failure>
  </testcase>
  <testcase classname="dataanalyzer.entity.DataIntTest" name="testIsLong" time="0.0">
    <failure message="expected:&lt;false&gt; but was:&lt;true&gt;" type="junit.framework.AssertionFailedError">junit.framework.AssertionFailedError: expected:&lt;false&gt; but was:&lt;true&gt;
	at dataanalyzer.entity.DataIntTest.testIsLong(DataIntTest.java:216)
</failure>
  </testcase>
  <testcase classname="dataanalyzer.entity.DataByteTest" name="testGet" time="0.016">
    <failure message="The test case is a prototype." type="junit.framework.AssertionFailedError">junit.framework.AssertionFailedError: The test case is a prototype.
	at dataanalyzer.entity.DataByteTest.testGet(DataByteTest.java:51)
</failure>
  </testcase>
  <testcase classname="dataanalyzer.entity.DataByteTest" name="testSet" time="0.0">
    <failure message="The test case is a prototype." type="junit.framework.AssertionFailedError">junit.framework.AssertionFailedError: The test case is a prototype.
	at dataanalyzer.entity.DataByteTest.testSet(DataByteTest.java:64)
</failure>
  </testcase>
  <testcase classname="dataanalyzer.entity.DataByteTest" name="testToString" time="0.0">
    <error type="java.lang.NullPointerException">java.lang.NullPointerException
	at dataanalyzer.entity.DataByte.toString(DataByte.java:39)
	at dataanalyzer.entity.DataByteTest.testToString(DataByteTest.java:75)
</error>
  </testcase>
  <testcase classname="dataanalyzer.entity.DataByteTest" name="testGetByte" time="0.0">
    <failure message="The test case is a prototype." type="junit.framework.AssertionFailedError">junit.framework.AssertionFailedError: The test case is a prototype.
	at dataanalyzer.entity.DataByteTest.testGetByte(DataByteTest.java:92)
</failure>
  </testcase>
  <testcase classname="dataanalyzer.entity.DataByteTest" name="testGetDouble" time="0.0">
    <error type="java.lang.NullPointerException">java.lang.NullPointerException
	at dataanalyzer.entity.DataByte.getDouble(DataByte.java:47)
	at dataanalyzer.entity.DataByteTest.testGetDouble(DataByteTest.java:103)
</error>
  </testcase>
  <testcase classname="dataanalyzer.entity.DataByteTest" name="testGetFloat" time="0.0">
    <error type="java.lang.NullPointerException">java.lang.NullPointerException
	at dataanalyzer.entity.DataByte.getFloat(DataByte.java:51)
	at dataanalyzer.entity.DataByteTest.testGetFloat(DataByteTest.java:117)
</error>
  </testcase>
  <testcase classname="dataanalyzer.entity.DataByteTest" name="testGetInteger" time="0.0">
    <error type="java.lang.NullPointerException">java.lang.NullPointerException
	at dataanalyzer.entity.DataByte.getInteger(DataByte.java:55)
	at dataanalyzer.entity.DataByteTest.testGetInteger(DataByteTest.java:131)
</error>
  </testcase>
  <testcase classname="dataanalyzer.entity.DataByteTest" name="testGetLong" time="0.0">
    <error type="java.lang.NullPointerException">java.lang.NullPointerException
	at dataanalyzer.entity.DataByte.getLong(DataByte.java:59)
	at dataanalyzer.entity.DataByteTest.testGetLong(DataByteTest.java:145)
</error>
  </testcase>
  <testcase classname="dataanalyzer.entity.DataByteTest" name="testIsByte" time="0.0">
    <failure message="expected:&lt;false&gt; but was:&lt;true&gt;" type="junit.framework.AssertionFailedError">junit.framework.AssertionFailedError: expected:&lt;false&gt; but was:&lt;true&gt;
	at dataanalyzer.entity.DataByteTest.testIsByte(DataByteTest.java:160)
</failure>
  </testcase>
  <testcase classname="dataanalyzer.entity.DataByteTest" name="testIsDouble" time="0.016">
    <failure message="expected:&lt;false&gt; but was:&lt;true&gt;" type="junit.framework.AssertionFailedError">junit.framework.AssertionFailedError: expected:&lt;false&gt; but was:&lt;true&gt;
	at dataanalyzer.entity.DataByteTest.testIsDouble(DataByteTest.java:174)
</failure>
  </testcase>
  <testcase classname="dataanalyzer.entity.DataByteTest" name="testIsFloat" time="0.0">
    <failure message="expected:&lt;false&gt; but was:&lt;true&gt;" type="junit.framework.AssertionFailedError">junit.framework.AssertionFailedError: expected:&lt;false&gt; but was:&lt;true&gt;
	at dataanalyzer.entity.DataByteTest.testIsFloat(DataByteTest.java:188)
</failure>
  </testcase>
  <testcase classname="dataanalyzer.entity.DataByteTest" name="testIsInteger" time="0.0">
    <failure message="expected:&lt;false&gt; but was:&lt;true&gt;" type="junit.framework.AssertionFailedError">junit.framework.AssertionFailedError: expected:&lt;false&gt; but was:&lt;true&gt;
	at dataanalyzer.entity.DataByteTest.testIsInteger(DataByteTest.java:202)
</failure>
  </testcase>
  <testcase classname="dataanalyzer.entity.DataByteTest" name="testIsLong" time="0.0">
    <failure message="expected:&lt;false&gt; but was:&lt;true&gt;" type="junit.framework.AssertionFailedError">junit.framework.AssertionFailedError: expected:&lt;false&gt; but was:&lt;true&gt;
	at dataanalyzer.entity.DataByteTest.testIsLong(DataByteTest.java:216)
</failure>
  </testcase>
  <testcase classname="dataanalyzer.entity.AlgorithmTest" name="testCollectInput" time="0.0">
    <failure message="The test case is a prototype." type="junit.framework.AssertionFailedError">junit.framework.AssertionFailedError: The test case is a prototype.
	at dataanalyzer.entity.AlgorithmTest.testCollectInput(AlgorithmTest.java:105)
</failure>
  </testcase>
  <testcase classname="dataanalyzer.entity.AlgorithmTest" name="testToString" time="0.0">
    <failure message="The test case is a prototype." type="junit.framework.AssertionFailedError">junit.framework.AssertionFailedError: The test case is a prototype.
	at dataanalyzer.entity.AlgorithmTest.testToString(AlgorithmTest.java:119)
</failure>
  </testcase>
  <testcase classname="dataanalyzer.entity.AlgorithmTest" name="testCreateProcess" time="0.0">
    <failure message="The test case is a prototype." type="junit.framework.AssertionFailedError">junit.framework.AssertionFailedError: The test case is a prototype.
	at dataanalyzer.entity.AlgorithmTest.testCreateProcess(AlgorithmTest.java:52)
</failure>
  </testcase>
  <testcase classname="dataanalyzer.entity.AlgorithmTest" name="testGetName" time="0.0">
    <failure message="The test case is a prototype." type="junit.framework.AssertionFailedError">junit.framework.AssertionFailedError: The test case is a prototype.
	at dataanalyzer.entity.AlgorithmTest.testGetName(AlgorithmTest.java:66)
</failure>
  </testcase>
  <testcase classname="dataanalyzer.entity.AlgorithmTest" name="testDispose" time="0.0">
    <failure message="The test case is a prototype." type="junit.framework.AssertionFailedError">junit.framework.AssertionFailedError: The test case is a prototype.
	at dataanalyzer.entity.AlgorithmTest.testDispose(AlgorithmTest.java:78)
</failure>
  </testcase>
  <testcase classname="dataanalyzer.entity.AlgorithmTest" name="testGetGUI" time="0.0">
    <failure message="The test case is a prototype." type="junit.framework.AssertionFailedError">junit.framework.AssertionFailedError: The test case is a prototype.
	at dataanalyzer.entity.AlgorithmTest.testGetGUI(AlgorithmTest.java:92)
</failure>
  </testcase>
  <testcase classname="dataanalyzer.entity.OutputTest" name="testToString" time="0.0">
    <error type="java.lang.NullPointerException">java.lang.NullPointerException
	at dataanalyzer.entity.OutputTest.testToString(OutputTest.java:48)
</error>
  </testcase>
  <testcase classname="dataanalyzer.entity.OutputTest" name="testGetInformation" time="0.0">
    <error type="java.lang.NullPointerException">java.lang.NullPointerException
	at dataanalyzer.entity.OutputTest.testGetInformation(OutputTest.java:62)
</error>
  </testcase>
  <testcase classname="dataanalyzer.entity.OutputTest" name="testGetOwner" time="0.0">
    <error type="java.lang.NullPointerException">java.lang.NullPointerException
	at dataanalyzer.entity.OutputTest.testGetOwner(OutputTest.java:76)
</error>
  </testcase>
  <testcase classname="dataanalyzer.entity.OutputTest" name="testSetOwner" time="0.0">
    <error type="java.lang.NullPointerException">java.lang.NullPointerException
	at dataanalyzer.entity.OutputTest.testSetOwner(OutputTest.java:90)
</error>
  </testcase>
  <testcase classname="dataanalyzer.entity.OutputTest" name="testGetOutput" time="0.016">
    <error type="java.lang.NullPointerException">java.lang.NullPointerException
	at dataanalyzer.entity.OutputTest.testGetOutput(OutputTest.java:103)
</error>
  </testcase>
  <testcase classname="dataanalyzer.entity.OutputTest" name="testSetOutput" time="0.0">
    <error type="java.lang.NullPointerException">java.lang.NullPointerException
	at dataanalyzer.entity.OutputTest.testSetOutput(OutputTest.java:117)
</error>
  </testcase>
  <testcase classname="dataanalyzer.entity.AlgorithmProcessTest" name="testSetSystem" time="0.016">
    <failure message="The test case is a prototype." type="junit.framework.AssertionFailedError">junit.framework.AssertionFailedError: The test case is a prototype.
	at dataanalyzer.entity.AlgorithmProcessTest.testSetSystem(AlgorithmProcessTest.java:252)
</failure>
  </testcase>
  <testcase classname="dataanalyzer.entity.AlgorithmProcessTest" name="testToString" time="0.0">
    <error message="expected:&lt;[]&gt; but was:&lt;[Process]&gt;" type="org.junit.ComparisonFailure">	at dataanalyzer.entity.AlgorithmProcessTest.testToString(AlgorithmProcessTest.java:106)
</error>
  </testcase>
  <testcase classname="dataanalyzer.entity.AlgorithmProcessTest" name="testGetOutput" time="0.0">
    <failure message="expected:&lt;null&gt; but was:&lt;Output[Process]&gt;" type="junit.framework.AssertionFailedError">junit.framework.AssertionFailedError: expected:&lt;null&gt; but was:&lt;Output[Process]&gt;
	at dataanalyzer.entity.AlgorithmProcessTest.testGetOutput(AlgorithmProcessTest.java:92)
</failure>
  </testcase>
  <testcase classname="dataanalyzer.entity.AlgorithmProcessTest" name="testRun" time="0.0">
    <failure message="The test case is a prototype." type="junit.framework.AssertionFailedError">junit.framework.AssertionFailedError: The test case is a prototype.
	at dataanalyzer.entity.AlgorithmProcessTest.testRun(AlgorithmProcessTest.java:54)
</failure>
  </testcase>
  <testcase classname="dataanalyzer.entity.AlgorithmProcessTest" name="testStop" time="0.0">
    <failure message="The test case is a prototype." type="junit.framework.AssertionFailedError">junit.framework.AssertionFailedError: The test case is a prototype.
	at dataanalyzer.entity.AlgorithmProcessTest.testStop(AlgorithmProcessTest.java:66)
</failure>
  </testcase>
  <testcase classname="dataanalyzer.entity.AlgorithmProcessTest" name="testCycle" time="0.016">
    <failure message="The test case is a prototype." type="junit.framework.AssertionFailedError">junit.framework.AssertionFailedError: The test case is a prototype.
	at dataanalyzer.entity.AlgorithmProcessTest.testCycle(AlgorithmProcessTest.java:80)
</failure>
  </testcase>
  <testcase classname="dataanalyzer.entity.AlgorithmProcessTest" name="testCreateListeners" time="0.015">
    <failure message="The test case is a prototype." type="junit.framework.AssertionFailedError">junit.framework.AssertionFailedError: The test case is a prototype.
	at dataanalyzer.entity.AlgorithmProcessTest.testCreateListeners(AlgorithmProcessTest.java:120)
</failure>
  </testcase>
  <testcase classname="dataanalyzer.entity.AlgorithmProcessTest" name="testSendOutput_Object" time="0.0">
    <failure message="The test case is a prototype." type="junit.framework.AssertionFailedError">junit.framework.AssertionFailedError: The test case is a prototype.
	at dataanalyzer.entity.AlgorithmProcessTest.testSendOutput_Object(AlgorithmProcessTest.java:133)
</failure>
  </testcase>
  <testcase classname="dataanalyzer.entity.AlgorithmProcessTest" name="testSendOutput_Object_String" time="0.0">
    <failure message="The test case is a prototype." type="junit.framework.AssertionFailedError">junit.framework.AssertionFailedError: The test case is a prototype.
	at dataanalyzer.entity.AlgorithmProcessTest.testSendOutput_Object_String(AlgorithmProcessTest.java:147)
</failure>
  </testcase>
  <testcase classname="dataanalyzer.entity.AlgorithmProcessTest" name="testSendProcess" time="0.0">
    <failure message="The test case is a prototype." type="junit.framework.AssertionFailedError">junit.framework.AssertionFailedError: The test case is a prototype.
	at dataanalyzer.entity.AlgorithmProcessTest.testSendProcess(AlgorithmProcessTest.java:160)
</failure>
  </testcase>
  <testcase classname="dataanalyzer.entity.AlgorithmProcessTest" name="testProgressUpdate" time="0.0">
    <failure message="The test case is a prototype." type="junit.framework.AssertionFailedError">junit.framework.AssertionFailedError: The test case is a prototype.
	at dataanalyzer.entity.AlgorithmProcessTest.testProgressUpdate(AlgorithmProcessTest.java:174)
</failure>
  </testcase>
  <testcase classname="dataanalyzer.entity.AlgorithmProcessTest" name="testAddCompletionListener" time="0.0">
    <failure message="The test case is a prototype." type="junit.framework.AssertionFailedError">junit.framework.AssertionFailedError: The test case is a prototype.
	at dataanalyzer.entity.AlgorithmProcessTest.testAddCompletionListener(AlgorithmProcessTest.java:187)
</failure>
  </testcase>
  <testcase classname="dataanalyzer.entity.AlgorithmProcessTest" name="testAddProgressListener" time="0.0">
    <failure message="The test case is a prototype." type="junit.framework.AssertionFailedError">junit.framework.AssertionFailedError: The test case is a prototype.
	at dataanalyzer.entity.AlgorithmProcessTest.testAddProgressListener(AlgorithmProcessTest.java:200)
</failure>
  </testcase>
  <testcase classname="dataanalyzer.entity.AlgorithmProcessTest" name="testAddAlgorithmProcessListener" time="0.0">
    <failure message="The test case is a prototype." type="junit.framework.AssertionFailedError">junit.framework.AssertionFailedError: The test case is a prototype.
	at dataanalyzer.entity.AlgorithmProcessTest.testAddAlgorithmProcessListener(AlgorithmProcessTest.java:213)
</failure>
  </testcase>
  <testcase classname="dataanalyzer.entity.AlgorithmProcessTest" name="testAddOutputListener" time="0.0">
    <failure message="The test case is a prototype." type="junit.framework.AssertionFailedError">junit.framework.AssertionFailedError: The test case is a prototype.
	at dataanalyzer.entity.AlgorithmProcessTest.testAddOutputListener(AlgorithmProcessTest.java:226)
</failure>
  </testcase>
  <testcase classname="dataanalyzer.entity.AlgorithmProcessTest" name="testSetOutputName" time="0.015">
    <failure message="The test case is a prototype." type="junit.framework.AssertionFailedError">junit.framework.AssertionFailedError: The test case is a prototype.
	at dataanalyzer.entity.AlgorithmProcessTest.testSetOutputName(AlgorithmProcessTest.java:239)
</failure>
  </testcase>
  <testcase classname="dataanalyzer.entity.AlgorithmProcessTest" name="testGetId" time="0.0">
    <failure message="expected:&lt;0&gt; but was:&lt;-1&gt;" type="junit.framework.AssertionFailedError">junit.framework.AssertionFailedError: expected:&lt;0&gt; but was:&lt;-1&gt;
	at dataanalyzer.entity.AlgorithmProcessTest.testGetId(AlgorithmProcessTest.java:264)
</failure>
  </testcase>
  <testcase classname="dataanalyzer.entity.AlgorithmProcessTest" name="testSetId" time="0.016">
    <failure message="The test case is a prototype." type="junit.framework.AssertionFailedError">junit.framework.AssertionFailedError: The test case is a prototype.
	at dataanalyzer.entity.AlgorithmProcessTest.testSetId(AlgorithmProcessTest.java:279)
</failure>
  </testcase>
  <testcase classname="dataanalyzer.entity.DataLongTest" name="testGet" time="0.015">
    <failure message="The test case is a prototype." type="junit.framework.AssertionFailedError">junit.framework.AssertionFailedError: The test case is a prototype.
	at dataanalyzer.entity.DataLongTest.testGet(DataLongTest.java:51)
</failure>
  </testcase>
  <testcase classname="dataanalyzer.entity.DataLongTest" name="testSet" time="0.0">
    <failure message="The test case is a prototype." type="junit.framework.AssertionFailedError">junit.framework.AssertionFailedError: The test case is a prototype.
	at dataanalyzer.entity.DataLongTest.testSet(DataLongTest.java:64)
</failure>
  </testcase>
  <testcase classname="dataanalyzer.entity.DataLongTest" name="testToString" time="0.0">
    <error type="java.lang.NullPointerException">java.lang.NullPointerException
	at dataanalyzer.entity.DataLong.toString(DataLong.java:39)
	at dataanalyzer.entity.DataLongTest.testToString(DataLongTest.java:75)
</error>
  </testcase>
  <testcase classname="dataanalyzer.entity.DataLongTest" name="testGetByte" time="0.015">
    <error message="Cannot convert integer to byte with out losing data." type="dataanalyzer.exception.InvalidDataTypeException">dataanalyzer.exception.InvalidDataTypeException: Cannot convert integer to byte with out losing data.
	at dataanalyzer.entity.DataLong.getByte(DataLong.java:43)
	at dataanalyzer.entity.DataLongTest.testGetByte(DataLongTest.java:89)
</error>
  </testcase>
  <testcase classname="dataanalyzer.entity.DataLongTest" name="testGetDouble" time="0.0">
    <error type="java.lang.NullPointerException">java.lang.NullPointerException
	at dataanalyzer.entity.DataLong.getDouble(DataLong.java:47)
	at dataanalyzer.entity.DataLongTest.testGetDouble(DataLongTest.java:103)
</error>
  </testcase>
  <testcase classname="dataanalyzer.entity.DataLongTest" name="testGetFloat" time="0.0">
    <error type="java.lang.NullPointerException">java.lang.NullPointerException
	at dataanalyzer.entity.DataLong.getFloat(DataLong.java:51)
	at dataanalyzer.entity.DataLongTest.testGetFloat(DataLongTest.java:117)
</error>
  </testcase>
  <testcase classname="dataanalyzer.entity.DataLongTest" name="testGetInteger" time="0.0">
    <error message="Cannot convert integer to byte with out losing data." type="dataanalyzer.exception.InvalidDataTypeException">dataanalyzer.exception.InvalidDataTypeException: Cannot convert integer to byte with out losing data.
	at dataanalyzer.entity.DataLong.getInteger(DataLong.java:55)
	at dataanalyzer.entity.DataLongTest.testGetInteger(DataLongTest.java:131)
</error>
  </testcase>
  <testcase classname="dataanalyzer.entity.DataLongTest" name="testGetLong" time="0.0">
    <error type="java.lang.NullPointerException">java.lang.NullPointerException
	at dataanalyzer.entity.DataLong.getLong(DataLong.java:59)
	at dataanalyzer.entity.DataLongTest.testGetLong(DataLongTest.java:145)
</error>
  </testcase>
  <testcase classname="dataanalyzer.entity.DataLongTest" name="testIsByte" time="0.0">
    <failure message="The test case is a prototype." type="junit.framework.AssertionFailedError">junit.framework.AssertionFailedError: The test case is a prototype.
	at dataanalyzer.entity.DataLongTest.testIsByte(DataLongTest.java:162)
</failure>
  </testcase>
  <testcase classname="dataanalyzer.entity.DataLongTest" name="testIsDouble" time="0.0">
    <failure message="expected:&lt;false&gt; but was:&lt;true&gt;" type="junit.framework.AssertionFailedError">junit.framework.AssertionFailedError: expected:&lt;false&gt; but was:&lt;true&gt;
	at dataanalyzer.entity.DataLongTest.testIsDouble(DataLongTest.java:174)
</failure>
  </testcase>
  <testcase classname="dataanalyzer.entity.DataLongTest" name="testIsFloat" time="0.0">
    <failure message="expected:&lt;false&gt; but was:&lt;true&gt;" type="junit.framework.AssertionFailedError">junit.framework.AssertionFailedError: expected:&lt;false&gt; but was:&lt;true&gt;
	at dataanalyzer.entity.DataLongTest.testIsFloat(DataLongTest.java:188)
</failure>
  </testcase>
  <testcase classname="dataanalyzer.entity.DataLongTest" name="testIsInteger" time="0.0">
    <failure message="The test case is a prototype." type="junit.framework.AssertionFailedError">junit.framework.AssertionFailedError: The test case is a prototype.
	at dataanalyzer.entity.DataLongTest.testIsInteger(DataLongTest.java:204)
</failure>
  </testcase>
  <testcase classname="dataanalyzer.entity.DataLongTest" name="testIsLong" time="0.015">
    <failure message="expected:&lt;false&gt; but was:&lt;true&gt;" type="junit.framework.AssertionFailedError">junit.framework.AssertionFailedError: expected:&lt;false&gt; but was:&lt;true&gt;
	at dataanalyzer.entity.DataLongTest.testIsLong(DataLongTest.java:216)
</failure>
  </testcase>
  <system-out><![CDATA[collectInput
setSystem
get
set
toString
getByte
getDouble
getFloat
getInteger
getLong
isByte
isDouble
isFloat
isInteger
isLong
toString
addMulti
addSingle
getAll
getIterator
getMulti
getSingle
remove
size
getInformation
get
set
toString
getByte
getDouble
getFloat
getInteger
getLong
isByte
isDouble
isFloat
isInteger
isLong
get
set
toString
getByte
getDouble
getFloat
getInteger
getLong
isByte
isDouble
isFloat
isInteger
isLong
collectInput
toString
createProcess
getName
dispose
getGUI
toString
getInformation
getOwner
setOwner
getOutput
setOutput
setSystem
toString
getOutput
run
stop
cycle
createListeners
sendOutput
sendOutput
sendProcess
progressUpdate
addCompletionListener
addProgressListener
addAlgorithmProcessListener
addOutputListener
setOutputName
getId
setId
get
set
toString
getByte
getDouble
getFloat
getInteger
getLong
isByte
isDouble
isFloat
isInteger
isLong
]]></system-out>
  <system-err><![CDATA[]]></system-err>
</testsuite>
